<?xml version="1.0" encoding="UTF-8"?>
<testsuite xmlns:xsi="http://www.w3.org/2001/XMLSchema-instance" xsi:noNamespaceSchemaLocation="https://maven.apache.org/surefire/maven-surefire-plugin/xsd/surefire-test-report-3.0.xsd" version="3.0" name="com.dojo.authentication.AuthenticationApplicationTests" time="10.812" tests="1" errors="0" skipped="0" failures="0">
  <properties>
[...]
</properties>
  <testcase name="contextLoads" classname="com.dojo.authentication.AuthenticationApplicationTests" time="0.824">
    <system-out><![CDATA[20:28:10.806 [main] INFO org.springframework.test.context.support.AnnotationConfigContextLoaderUtils -- Could not detect default configuration classes for test class [com.dojo.authentication.AuthenticationApplicationTests]: AuthenticationApplicationTests does not declare any static, non-private, non-final, nested classes annotated with @Configuration.
20:28:11.006 [main] INFO org.springframework.boot.test.context.SpringBootTestContextBootstrapper -- Found @SpringBootConfiguration com.dojo.authentication.AuthenticationApplication for test class com.dojo.authentication.AuthenticationApplicationTests
20:28:11.382 [main] INFO org.springframework.boot.devtools.restart.RestartApplicationListener -- Restart disabled due to context in which it is running

  .   ____          _            __ _ _
 /\\ / ___'_ __ _ _(_)_ __  __ _ \ \ \ \
( ( )\___ | '_ | '_| | '_ \/ _` | \ \ \ \
 \\/  ___)| |_)| | | | | || (_| |  ) ) ) )
  '  |____| .__|_| |_|_| |_\__, | / / / /
 =========|_|==============|___/=/_/_/_/
 :: Spring Boot ::                (v3.2.0)

2025-01-15T20:28:11.809-03:00 DEBUG 10448 --- [kground-preinit] o.h.v.i.xml.config.ValidationXmlParser   : Trying to load META-INF/validation.xml for XML based Validator configuration.
2025-01-15T20:28:11.815-03:00 DEBUG 10448 --- [kground-preinit] o.h.v.i.xml.config.ResourceLoaderHelper  : Trying to load META-INF/validation.xml via TCCL
2025-01-15T20:28:11.816-03:00 DEBUG 10448 --- [kground-preinit] o.h.v.i.xml.config.ResourceLoaderHelper  : Trying to load META-INF/validation.xml via Hibernate Validator's class loader
2025-01-15T20:28:11.817-03:00 DEBUG 10448 --- [kground-preinit] o.h.v.i.xml.config.ValidationXmlParser   : No META-INF/validation.xml found. Using annotation based configuration only.
2025-01-15T20:28:11.831-03:00 DEBUG 10448 --- [kground-preinit] o.h.v.i.e.resolver.TraversableResolvers  : Found jakarta.persistence.Persistence on classpath containing 'getPersistenceUtil'. Assuming JPA 2 environment. Trying to instantiate JPA aware TraversableResolver
2025-01-15T20:28:11.833-03:00 DEBUG 10448 --- [kground-preinit] o.h.v.i.e.resolver.TraversableResolvers  : Instantiated JPA aware TraversableResolver of type org.hibernate.validator.internal.engine.resolver.JPATraversableResolver.
2025-01-15T20:28:11.845-03:00  INFO 10448 --- [           main] c.d.a.AuthenticationApplicationTests     : Starting AuthenticationApplicationTests using Java 17.0.12 with PID 10448 (started by evaag in C:\Users\evaag\Examen-java)
2025-01-15T20:28:11.847-03:00  INFO 10448 --- [           main] c.d.a.AuthenticationApplicationTests     : No active profile set, falling back to 1 default profile: "default"
2025-01-15T20:28:11.891-03:00 DEBUG 10448 --- [kground-preinit] .h.v.m.ResourceBundleMessageInterpolator : Loaded expression factory via original TCCL
2025-01-15T20:28:12.149-03:00 DEBUG 10448 --- [kground-preinit] .i.e.ValidatorFactoryConfigurationHelper : HV000252: Using org.hibernate.validator.internal.engine.DefaultPropertyNodeNameProvider as property node name provider.
2025-01-15T20:28:12.162-03:00 DEBUG 10448 --- [kground-preinit] .i.e.ValidatorFactoryConfigurationHelper : HV000234: Using org.hibernate.validator.messageinterpolation.ResourceBundleMessageInterpolator as ValidatorFactory-scoped message interpolator.
2025-01-15T20:28:12.162-03:00 DEBUG 10448 --- [kground-preinit] .i.e.ValidatorFactoryConfigurationHelper : HV000234: Using org.hibernate.validator.internal.engine.resolver.JPATraversableResolver as ValidatorFactory-scoped traversable resolver.
2025-01-15T20:28:12.162-03:00 DEBUG 10448 --- [kground-preinit] .i.e.ValidatorFactoryConfigurationHelper : HV000234: Using org.hibernate.validator.internal.util.ExecutableParameterNameProvider as ValidatorFactory-scoped parameter name provider.
2025-01-15T20:28:12.163-03:00 DEBUG 10448 --- [kground-preinit] .i.e.ValidatorFactoryConfigurationHelper : HV000234: Using org.hibernate.validator.internal.engine.DefaultClockProvider as ValidatorFactory-scoped clock provider.
2025-01-15T20:28:12.163-03:00 DEBUG 10448 --- [kground-preinit] .i.e.ValidatorFactoryConfigurationHelper : HV000234: Using org.hibernate.validator.internal.engine.scripting.DefaultScriptEvaluatorFactory as ValidatorFactory-scoped script evaluator factory.
2025-01-15T20:28:13.207-03:00  INFO 10448 --- [           main] .s.d.r.c.RepositoryConfigurationDelegate : Bootstrapping Spring Data JPA repositories in DEFAULT mode.
2025-01-15T20:28:13.348-03:00  INFO 10448 --- [           main] .s.d.r.c.RepositoryConfigurationDelegate : Finished Spring Data repository scanning in 121 ms. Found 3 JPA repository interfaces.
2025-01-15T20:28:14.169-03:00 DEBUG 10448 --- [           main] o.hibernate.jpa.internal.util.LogHelper  : PersistenceUnitInfo [
	name: default
	persistence provider classname: null
	classloader: jdk.internal.loader.ClassLoaders$AppClassLoader@73d16e93
	excludeUnlistedClasses: true
	JTA datasource: null
	Non JTA datasource: HikariDataSource (null)
	Transaction type: RESOURCE_LOCAL
	PU root URL: file:/C:/Users/evaag/Examen-java/target/test-classes/
	Shared Cache Mode: UNSPECIFIED
	Validation Mode: CALLBACK
	Jar files URLs []
	Managed classes names [
		com.dojo.authentication.models.ProgramaModel
		com.dojo.authentication.models.Puntuacion
		com.dojo.authentication.models.User]
	Mapping files names []
	Properties []
2025-01-15T20:28:14.192-03:00 DEBUG 10448 --- [           main] o.h.i.internal.IntegratorServiceImpl     : Adding Integrator [org.hibernate.boot.beanvalidation.BeanValidationIntegrator].
2025-01-15T20:28:14.197-03:00 DEBUG 10448 --- [           main] o.h.i.internal.IntegratorServiceImpl     : Adding Integrator [org.hibernate.cache.internal.CollectionCacheInvalidator].
2025-01-15T20:28:14.339-03:00  INFO 10448 --- [           main] org.hibernate.Version                    : HHH000412: Hibernate ORM core version 6.3.1.Final
2025-01-15T20:28:14.342-03:00 DEBUG 10448 --- [           main] org.hibernate.cfg.Environment            : HHH000206: 'hibernate.properties' not found
2025-01-15T20:28:14.416-03:00 DEBUG 10448 --- [           main] org.hibernate.orm.idgen.factory          : Registering IdentifierGenerator strategy [uuid2] -> [org.hibernate.id.UUIDGenerator]
2025-01-15T20:28:14.417-03:00 DEBUG 10448 --- [           main] org.hibernate.orm.idgen.factory          : Registering IdentifierGenerator strategy [guid] -> [org.hibernate.id.GUIDGenerator]
2025-01-15T20:28:14.418-03:00 DEBUG 10448 --- [           main] org.hibernate.orm.idgen.factory          : Registering IdentifierGenerator strategy [uuid] -> [org.hibernate.id.UUIDHexGenerator]
2025-01-15T20:28:14.419-03:00 DEBUG 10448 --- [           main] org.hibernate.orm.idgen.factory          : Registering IdentifierGenerator strategy [uuid.hex] -> [org.hibernate.id.UUIDHexGenerator]
2025-01-15T20:28:14.420-03:00 DEBUG 10448 --- [           main] org.hibernate.orm.idgen.factory          : Registering IdentifierGenerator strategy [assigned] -> [org.hibernate.id.Assigned]
2025-01-15T20:28:14.422-03:00 DEBUG 10448 --- [           main] org.hibernate.orm.idgen.factory          : Registering IdentifierGenerator strategy [identity] -> [org.hibernate.id.IdentityGenerator]
2025-01-15T20:28:14.423-03:00 DEBUG 10448 --- [           main] org.hibernate.orm.idgen.factory          : Registering IdentifierGenerator strategy [select] -> [org.hibernate.id.SelectGenerator]
2025-01-15T20:28:14.426-03:00 DEBUG 10448 --- [           main] org.hibernate.orm.idgen.factory          : Registering IdentifierGenerator strategy [sequence] -> [org.hibernate.id.enhanced.SequenceStyleGenerator]
2025-01-15T20:28:14.427-03:00 DEBUG 10448 --- [           main] org.hibernate.orm.idgen.factory          : Registering IdentifierGenerator strategy [increment] -> [org.hibernate.id.IncrementGenerator]
2025-01-15T20:28:14.428-03:00 DEBUG 10448 --- [           main] org.hibernate.orm.idgen.factory          : Registering IdentifierGenerator strategy [foreign] -> [org.hibernate.id.ForeignGenerator]
2025-01-15T20:28:14.428-03:00 DEBUG 10448 --- [           main] org.hibernate.orm.idgen.factory          : Registering IdentifierGenerator strategy [enhanced-sequence] -> [org.hibernate.id.enhanced.SequenceStyleGenerator]
2025-01-15T20:28:14.429-03:00 DEBUG 10448 --- [           main] org.hibernate.orm.idgen.factory          : Registering IdentifierGenerator strategy [enhanced-table] -> [org.hibernate.id.enhanced.TableGenerator]
2025-01-15T20:28:14.446-03:00 DEBUG 10448 --- [           main] o.h.c.internal.RegionFactoryInitiator    : Cannot default RegionFactory based on registered strategies as `[]` RegionFactory strategies were registered
2025-01-15T20:28:14.448-03:00  INFO 10448 --- [           main] o.h.c.internal.RegionFactoryInitiator    : HHH000026: Second-level cache disabled
2025-01-15T20:28:14.706-03:00 DEBUG 10448 --- [           main] org.hibernate.type.BasicTypeRegistry     : Adding type registration boolean -> org.hibernate.type.BasicTypeReference@87d9a01
2025-01-15T20:28:14.707-03:00 DEBUG 10448 --- [           main] org.hibernate.type.BasicTypeRegistry     : Adding type registration boolean -> org.hibernate.type.BasicTypeReference@87d9a01
2025-01-15T20:28:14.707-03:00 DEBUG 10448 --- [           main] org.hibernate.type.BasicTypeRegistry     : Adding type registration java.lang.Boolean -> org.hibernate.type.BasicTypeReference@87d9a01
2025-01-15T20:28:14.707-03:00 DEBUG 10448 --- [           main] org.hibernate.type.BasicTypeRegistry     : Adding type registration numeric_boolean -> org.hibernate.type.BasicTypeReference@7e5b621b
2025-01-15T20:28:14.707-03:00 DEBUG 10448 --- [           main] org.hibernate.type.BasicTypeRegistry     : Adding type registration org.hibernate.type.NumericBooleanConverter -> org.hibernate.type.BasicTypeReference@7e5b621b
2025-01-15T20:28:14.708-03:00 DEBUG 10448 --- [           main] org.hibernate.type.BasicTypeRegistry     : Adding type registration true_false -> org.hibernate.type.BasicTypeReference@10177794
2025-01-15T20:28:14.708-03:00 DEBUG 10448 --- [           main] org.hibernate.type.BasicTypeRegistry     : Adding type registration org.hibernate.type.TrueFalseConverter -> org.hibernate.type.BasicTypeReference@10177794
2025-01-15T20:28:14.708-03:00 DEBUG 10448 --- [           main] org.hibernate.type.BasicTypeRegistry     : Adding type registration yes_no -> org.hibernate.type.BasicTypeReference@e5c2463
2025-01-15T20:28:14.708-03:00 DEBUG 10448 --- [           main] org.hibernate.type.BasicTypeRegistry     : Adding type registration org.hibernate.type.YesNoConverter -> org.hibernate.type.BasicTypeReference@e5c2463
2025-01-15T20:28:14.708-03:00 DEBUG 10448 --- [           main] org.hibernate.type.BasicTypeRegistry     : Adding type registration byte -> org.hibernate.type.BasicTypeReference@6a950a3b
2025-01-15T20:28:14.708-03:00 DEBUG 10448 --- [           main] org.hibernate.type.BasicTypeRegistry     : Adding type registration byte -> org.hibernate.type.BasicTypeReference@6a950a3b
2025-01-15T20:28:14.708-03:00 DEBUG 10448 --- [           main] org.hibernate.type.BasicTypeRegistry     : Adding type registration java.lang.Byte -> org.hibernate.type.BasicTypeReference@6a950a3b
2025-01-15T20:28:14.708-03:00 DEBUG 10448 --- [           main] org.hibernate.type.BasicTypeRegistry     : Adding type registration binary -> org.hibernate.type.BasicTypeReference@4f7be6c8
2025-01-15T20:28:14.709-03:00 DEBUG 10448 --- [           main] org.hibernate.type.BasicTypeRegistry     : Adding type registration byte[] -> org.hibernate.type.BasicTypeReference@4f7be6c8
2025-01-15T20:28:14.709-03:00 DEBUG 10448 --- [           main] org.hibernate.type.BasicTypeRegistry     : Adding type registration [B -> org.hibernate.type.BasicTypeReference@4f7be6c8
2025-01-15T20:28:14.709-03:00 DEBUG 10448 --- [           main] org.hibernate.type.BasicTypeRegistry     : Adding type registration binary_wrapper -> org.hibernate.type.BasicTypeReference@647b9364
2025-01-15T20:28:14.709-03:00 DEBUG 10448 --- [           main] org.hibernate.type.BasicTypeRegistry     : Adding type registration wrapper-binary -> org.hibernate.type.BasicTypeReference@647b9364
2025-01-15T20:28:14.709-03:00 DEBUG 10448 --- [           main] org.hibernate.type.BasicTypeRegistry     : Adding type registration image -> org.hibernate.type.BasicTypeReference@b6bccb4
2025-01-15T20:28:14.709-03:00 DEBUG 10448 --- [           main] org.hibernate.type.BasicTypeRegistry     : Adding type registration blob -> org.hibernate.type.BasicTypeReference@49edcb30
2025-01-15T20:28:14.709-03:00 DEBUG 10448 --- [           main] org.hibernate.type.BasicTypeRegistry     : Adding type registration java.sql.Blob -> org.hibernate.type.BasicTypeReference@49edcb30
2025-01-15T20:28:14.709-03:00 DEBUG 10448 --- [           main] org.hibernate.type.BasicTypeRegistry     : Adding type registration materialized_blob -> org.hibernate.type.BasicTypeReference@59303963
2025-01-15T20:28:14.710-03:00 DEBUG 10448 --- [           main] org.hibernate.type.BasicTypeRegistry     : Adding type registration materialized_blob_wrapper -> org.hibernate.type.BasicTypeReference@61e86192
2025-01-15T20:28:14.710-03:00 DEBUG 10448 --- [           main] org.hibernate.type.BasicTypeRegistry     : Adding type registration short -> org.hibernate.type.BasicTypeReference@34330f77
2025-01-15T20:28:14.710-03:00 DEBUG 10448 --- [           main] org.hibernate.type.BasicTypeRegistry     : Adding type registration short -> org.hibernate.type.BasicTypeReference@34330f77
2025-01-15T20:28:14.710-03:00 DEBUG 10448 --- [           main] org.hibernate.type.BasicTypeRegistry     : Adding type registration java.lang.Short -> org.hibernate.type.BasicTypeReference@34330f77
2025-01-15T20:28:14.710-03:00 DEBUG 10448 --- [           main] org.hibernate.type.BasicTypeRegistry     : Adding type registration integer -> org.hibernate.type.BasicTypeReference@1320e68a
2025-01-15T20:28:14.710-03:00 DEBUG 10448 --- [           main] org.hibernate.type.BasicTypeRegistry     : Adding type registration int -> org.hibernate.type.BasicTypeReference@1320e68a
2025-01-15T20:28:14.710-03:00 DEBUG 10448 --- [           main] org.hibernate.type.BasicTypeRegistry     : Adding type registration java.lang.Integer -> org.hibernate.type.BasicTypeReference@1320e68a
2025-01-15T20:28:14.710-03:00 DEBUG 10448 --- [           main] org.hibernate.type.BasicTypeRegistry     : Adding type registration long -> org.hibernate.type.BasicTypeReference@4b033eac
2025-01-15T20:28:14.711-03:00 DEBUG 10448 --- [           main] org.hibernate.type.BasicTypeRegistry     : Adding type registration long -> org.hibernate.type.BasicTypeReference@4b033eac
2025-01-15T20:28:14.711-03:00 DEBUG 10448 --- [           main] org.hibernate.type.BasicTypeRegistry     : Adding type registration java.lang.Long -> org.hibernate.type.BasicTypeReference@4b033eac
2025-01-15T20:28:14.711-03:00 DEBUG 10448 --- [           main] org.hibernate.type.BasicTypeRegistry     : Adding type registration float -> org.hibernate.type.BasicTypeReference@69c532af
2025-01-15T20:28:14.711-03:00 DEBUG 10448 --- [           main] org.hibernate.type.BasicTypeRegistry     : Adding type registration float -> org.hibernate.type.BasicTypeReference@69c532af
2025-01-15T20:28:14.711-03:00 DEBUG 10448 --- [           main] org.hibernate.type.BasicTypeRegistry     : Adding type registration java.lang.Float -> org.hibernate.type.BasicTypeReference@69c532af
2025-01-15T20:28:14.711-03:00 DEBUG 10448 --- [           main] org.hibernate.type.BasicTypeRegistry     : Adding type registration double -> org.hibernate.type.BasicTypeReference@45a1d057
2025-01-15T20:28:14.711-03:00 DEBUG 10448 --- [           main] org.hibernate.type.BasicTypeRegistry     : Adding type registration double -> org.hibernate.type.BasicTypeReference@45a1d057
2025-01-15T20:28:14.711-03:00 DEBUG 10448 --- [           main] org.hibernate.type.BasicTypeRegistry     : Adding type registration java.lang.Double -> org.hibernate.type.BasicTypeReference@45a1d057
2025-01-15T20:28:14.712-03:00 DEBUG 10448 --- [           main] org.hibernate.type.BasicTypeRegistry     : Adding type registration big_integer -> org.hibernate.type.BasicTypeReference@51a16adf
2025-01-15T20:28:14.712-03:00 DEBUG 10448 --- [           main] org.hibernate.type.BasicTypeRegistry     : Adding type registration java.math.BigInteger -> org.hibernate.type.BasicTypeReference@51a16adf
2025-01-15T20:28:14.712-03:00 DEBUG 10448 --- [           main] org.hibernate.type.BasicTypeRegistry     : Adding type registration big_decimal -> org.hibernate.type.BasicTypeReference@385d819
2025-01-15T20:28:14.712-03:00 DEBUG 10448 --- [           main] org.hibernate.type.BasicTypeRegistry     : Adding type registration java.math.BigDecimal -> org.hibernate.type.BasicTypeReference@385d819
2025-01-15T20:28:14.712-03:00 DEBUG 10448 --- [           main] org.hibernate.type.BasicTypeRegistry     : Adding type registration character -> org.hibernate.type.BasicTypeReference@4315c28c
2025-01-15T20:28:14.712-03:00 DEBUG 10448 --- [           main] org.hibernate.type.BasicTypeRegistry     : Adding type registration char -> org.hibernate.type.BasicTypeReference@4315c28c
2025-01-15T20:28:14.712-03:00 DEBUG 10448 --- [           main] org.hibernate.type.BasicTypeRegistry     : Adding type registration java.lang.Character -> org.hibernate.type.BasicTypeReference@4315c28c
2025-01-15T20:28:14.712-03:00 DEBUG 10448 --- [           main] org.hibernate.type.BasicTypeRegistry     : Adding type registration character_nchar -> org.hibernate.type.BasicTypeReference@8fd91d1
2025-01-15T20:28:14.713-03:00 DEBUG 10448 --- [           main] org.hibernate.type.BasicTypeRegistry     : Adding type registration string -> org.hibernate.type.BasicTypeReference@52d0f583
2025-01-15T20:28:14.713-03:00 DEBUG 10448 --- [           main] org.hibernate.type.BasicTypeRegistry     : Adding type registration java.lang.String -> org.hibernate.type.BasicTypeReference@52d0f583
2025-01-15T20:28:14.713-03:00 DEBUG 10448 --- [           main] org.hibernate.type.BasicTypeRegistry     : Adding type registration nstring -> org.hibernate.type.BasicTypeReference@7fb8bad0
2025-01-15T20:28:14.713-03:00 DEBUG 10448 --- [           main] org.hibernate.type.BasicTypeRegistry     : Adding type registration characters -> org.hibernate.type.BasicTypeReference@12d40609
2025-01-15T20:28:14.713-03:00 DEBUG 10448 --- [           main] org.hibernate.type.BasicTypeRegistry     : Adding type registration char[] -> org.hibernate.type.BasicTypeReference@12d40609
2025-01-15T20:28:14.713-03:00 DEBUG 10448 --- [           main] org.hibernate.type.BasicTypeRegistry     : Adding type registration [C -> org.hibernate.type.BasicTypeReference@12d40609
2025-01-15T20:28:14.713-03:00 DEBUG 10448 --- [           main] org.hibernate.type.BasicTypeRegistry     : Adding type registration wrapper-characters -> org.hibernate.type.BasicTypeReference@76437e9b
2025-01-15T20:28:14.713-03:00 DEBUG 10448 --- [           main] org.hibernate.type.BasicTypeRegistry     : Adding type registration text -> org.hibernate.type.BasicTypeReference@236ae13d
2025-01-15T20:28:14.714-03:00 DEBUG 10448 --- [           main] org.hibernate.type.BasicTypeRegistry     : Adding type registration ntext -> org.hibernate.type.BasicTypeReference@193eb1ba
2025-01-15T20:28:14.714-03:00 DEBUG 10448 --- [           main] org.hibernate.type.BasicTypeRegistry     : Adding type registration clob -> org.hibernate.type.BasicTypeReference@2be818da
2025-01-15T20:28:14.714-03:00 DEBUG 10448 --- [           main] org.hibernate.type.BasicTypeRegistry     : Adding type registration java.sql.Clob -> org.hibernate.type.BasicTypeReference@2be818da
2025-01-15T20:28:14.714-03:00 DEBUG 10448 --- [           main] org.hibernate.type.BasicTypeRegistry     : Adding type registration nclob -> org.hibernate.type.BasicTypeReference@46320c9a
2025-01-15T20:28:14.714-03:00 DEBUG 10448 --- [           main] org.hibernate.type.BasicTypeRegistry     : Adding type registration java.sql.NClob -> org.hibernate.type.BasicTypeReference@46320c9a
2025-01-15T20:28:14.714-03:00 DEBUG 10448 --- [           main] org.hibernate.type.BasicTypeRegistry     : Adding type registration materialized_clob -> org.hibernate.type.BasicTypeReference@32256e68
2025-01-15T20:28:14.714-03:00 DEBUG 10448 --- [           main] org.hibernate.type.BasicTypeRegistry     : Adding type registration materialized_clob_char_array -> org.hibernate.type.BasicTypeReference@5e7abaf7
2025-01-15T20:28:14.714-03:00 DEBUG 10448 --- [           main] org.hibernate.type.BasicTypeRegistry     : Adding type registration materialized_clob_character_array -> org.hibernate.type.BasicTypeReference@353f472a
2025-01-15T20:28:14.714-03:00 DEBUG 10448 --- [           main] org.hibernate.type.BasicTypeRegistry     : Adding type registration materialized_nclob -> org.hibernate.type.BasicTypeReference@63bfdbcb
2025-01-15T20:28:14.714-03:00 DEBUG 10448 --- [           main] org.hibernate.type.BasicTypeRegistry     : Adding type registration materialized_nclob_character_array -> org.hibernate.type.BasicTypeReference@7af0affa
2025-01-15T20:28:14.715-03:00 DEBUG 10448 --- [           main] org.hibernate.type.BasicTypeRegistry     : Adding type registration materialized_nclob_char_array -> org.hibernate.type.BasicTypeReference@71560f51
2025-01-15T20:28:14.715-03:00 DEBUG 10448 --- [           main] org.hibernate.type.BasicTypeRegistry     : Adding type registration Duration -> org.hibernate.type.BasicTypeReference@3e1f1046
2025-01-15T20:28:14.715-03:00 DEBUG 10448 --- [           main] org.hibernate.type.BasicTypeRegistry     : Adding type registration java.time.Duration -> org.hibernate.type.BasicTypeReference@3e1f1046
2025-01-15T20:28:14.715-03:00 DEBUG 10448 --- [           main] org.hibernate.type.BasicTypeRegistry     : Adding type registration LocalDateTime -> org.hibernate.type.BasicTypeReference@23e3f5cd
2025-01-15T20:28:14.715-03:00 DEBUG 10448 --- [           main] org.hibernate.type.BasicTypeRegistry     : Adding type registration java.time.LocalDateTime -> org.hibernate.type.BasicTypeReference@23e3f5cd
2025-01-15T20:28:14.715-03:00 DEBUG 10448 --- [           main] org.hibernate.type.BasicTypeRegistry     : Adding type registration LocalDate -> org.hibernate.type.BasicTypeReference@5c931134
2025-01-15T20:28:14.715-03:00 DEBUG 10448 --- [           main] org.hibernate.type.BasicTypeRegistry     : Adding type registration java.time.LocalDate -> org.hibernate.type.BasicTypeReference@5c931134
2025-01-15T20:28:14.715-03:00 DEBUG 10448 --- [           main] org.hibernate.type.BasicTypeRegistry     : Adding type registration LocalTime -> org.hibernate.type.BasicTypeReference@1d7eb170
2025-01-15T20:28:14.716-03:00 DEBUG 10448 --- [           main] org.hibernate.type.BasicTypeRegistry     : Adding type registration java.time.LocalTime -> org.hibernate.type.BasicTypeReference@1d7eb170
2025-01-15T20:28:14.716-03:00 DEBUG 10448 --- [           main] org.hibernate.type.BasicTypeRegistry     : Adding type registration OffsetDateTime -> org.hibernate.type.BasicTypeReference@5b251fb9
2025-01-15T20:28:14.716-03:00 DEBUG 10448 --- [           main] org.hibernate.type.BasicTypeRegistry     : Adding type registration java.time.OffsetDateTime -> org.hibernate.type.BasicTypeReference@5b251fb9
2025-01-15T20:28:14.716-03:00 DEBUG 10448 --- [           main] org.hibernate.type.BasicTypeRegistry     : Adding type registration OffsetDateTimeWithTimezone -> org.hibernate.type.BasicTypeReference@67d4c48d
2025-01-15T20:28:14.716-03:00 DEBUG 10448 --- [           main] org.hibernate.type.BasicTypeRegistry     : Adding type registration OffsetDateTimeWithoutTimezone -> org.hibernate.type.BasicTypeReference@230a73f2
2025-01-15T20:28:14.716-03:00 DEBUG 10448 --- [           main] org.hibernate.type.BasicTypeRegistry     : Adding type registration OffsetTime -> org.hibernate.type.BasicTypeReference@4b97b3d2
2025-01-15T20:28:14.716-03:00 DEBUG 10448 --- [           main] org.hibernate.type.BasicTypeRegistry     : Adding type registration java.time.OffsetTime -> org.hibernate.type.BasicTypeReference@4b97b3d2
2025-01-15T20:28:14.716-03:00 DEBUG 10448 --- [           main] org.hibernate.type.BasicTypeRegistry     : Adding type registration OffsetTimeUtc -> org.hibernate.type.BasicTypeReference@383cb5ce
2025-01-15T20:28:14.716-03:00 DEBUG 10448 --- [           main] org.hibernate.type.BasicTypeRegistry     : Adding type registration OffsetTimeWithTimezone -> org.hibernate.type.BasicTypeReference@798deee8
2025-01-15T20:28:14.716-03:00 DEBUG 10448 --- [           main] org.hibernate.type.BasicTypeRegistry     : Adding type registration OffsetTimeWithoutTimezone -> org.hibernate.type.BasicTypeReference@96897c8
2025-01-15T20:28:14.716-03:00 DEBUG 10448 --- [           main] org.hibernate.type.BasicTypeRegistry     : Adding type registration ZonedDateTime -> org.hibernate.type.BasicTypeReference@7f97bc14
2025-01-15T20:28:14.717-03:00 DEBUG 10448 --- [           main] org.hibernate.type.BasicTypeRegistry     : Adding type registration java.time.ZonedDateTime -> org.hibernate.type.BasicTypeReference@7f97bc14
2025-01-15T20:28:14.717-03:00 DEBUG 10448 --- [           main] org.hibernate.type.BasicTypeRegistry     : Adding type registration ZonedDateTimeWithTimezone -> org.hibernate.type.BasicTypeReference@22d8f4ed
2025-01-15T20:28:14.717-03:00 DEBUG 10448 --- [           main] org.hibernate.type.BasicTypeRegistry     : Adding type registration ZonedDateTimeWithoutTimezone -> org.hibernate.type.BasicTypeReference@3434a4f0
2025-01-15T20:28:14.717-03:00 DEBUG 10448 --- [           main] org.hibernate.type.BasicTypeRegistry     : Adding type registration date -> org.hibernate.type.BasicTypeReference@79afa369
2025-01-15T20:28:14.717-03:00 DEBUG 10448 --- [           main] org.hibernate.type.BasicTypeRegistry     : Adding type registration java.sql.Date -> org.hibernate.type.BasicTypeReference@79afa369
2025-01-15T20:28:14.717-03:00 DEBUG 10448 --- [           main] org.hibernate.type.BasicTypeRegistry     : Adding type registration time -> org.hibernate.type.BasicTypeReference@3b9ac754
2025-01-15T20:28:14.717-03:00 DEBUG 10448 --- [           main] org.hibernate.type.BasicTypeRegistry     : Adding type registration java.sql.Time -> org.hibernate.type.BasicTypeReference@3b9ac754
2025-01-15T20:28:14.717-03:00 DEBUG 10448 --- [           main] org.hibernate.type.BasicTypeRegistry     : Adding type registration timestamp -> org.hibernate.type.BasicTypeReference@5e002356
2025-01-15T20:28:14.717-03:00 DEBUG 10448 --- [           main] org.hibernate.type.BasicTypeRegistry     : Adding type registration java.sql.Timestamp -> org.hibernate.type.BasicTypeReference@5e002356
2025-01-15T20:28:14.718-03:00 DEBUG 10448 --- [           main] org.hibernate.type.BasicTypeRegistry     : Adding type registration java.util.Date -> org.hibernate.type.BasicTypeReference@5e002356
2025-01-15T20:28:14.718-03:00 DEBUG 10448 --- [           main] org.hibernate.type.BasicTypeRegistry     : Adding type registration calendar -> org.hibernate.type.BasicTypeReference@4f820f42
2025-01-15T20:28:14.718-03:00 DEBUG 10448 --- [           main] org.hibernate.type.BasicTypeRegistry     : Adding type registration java.util.Calendar -> org.hibernate.type.BasicTypeReference@4f820f42
2025-01-15T20:28:14.718-03:00 DEBUG 10448 --- [           main] org.hibernate.type.BasicTypeRegistry     : Adding type registration java.util.GregorianCalendar -> org.hibernate.type.BasicTypeReference@4f820f42
2025-01-15T20:28:14.718-03:00 DEBUG 10448 --- [           main] org.hibernate.type.BasicTypeRegistry     : Adding type registration calendar_date -> org.hibernate.type.BasicTypeReference@4b325930
2025-01-15T20:28:14.718-03:00 DEBUG 10448 --- [           main] org.hibernate.type.BasicTypeRegistry     : Adding type registration calendar_time -> org.hibernate.type.BasicTypeReference@267f9765
2025-01-15T20:28:14.718-03:00 DEBUG 10448 --- [           main] org.hibernate.type.BasicTypeRegistry     : Adding type registration instant -> org.hibernate.type.BasicTypeReference@79ba0a6f
2025-01-15T20:28:14.718-03:00 DEBUG 10448 --- [           main] org.hibernate.type.BasicTypeRegistry     : Adding type registration java.time.Instant -> org.hibernate.type.BasicTypeReference@79ba0a6f
2025-01-15T20:28:14.718-03:00 DEBUG 10448 --- [           main] org.hibernate.type.BasicTypeRegistry     : Adding type registration uuid -> org.hibernate.type.BasicTypeReference@261de205
2025-01-15T20:28:14.718-03:00 DEBUG 10448 --- [           main] org.hibernate.type.BasicTypeRegistry     : Adding type registration java.util.UUID -> org.hibernate.type.BasicTypeReference@261de205
2025-01-15T20:28:14.719-03:00 DEBUG 10448 --- [           main] org.hibernate.type.BasicTypeRegistry     : Adding type registration pg-uuid -> org.hibernate.type.BasicTypeReference@261de205
2025-01-15T20:28:14.719-03:00 DEBUG 10448 --- [           main] org.hibernate.type.BasicTypeRegistry     : Adding type registration uuid-binary -> org.hibernate.type.BasicTypeReference@7f3fc42f
2025-01-15T20:28:14.719-03:00 DEBUG 10448 --- [           main] org.hibernate.type.BasicTypeRegistry     : Adding type registration uuid-char -> org.hibernate.type.BasicTypeReference@25a1a012
2025-01-15T20:28:14.719-03:00 DEBUG 10448 --- [           main] org.hibernate.type.BasicTypeRegistry     : Adding type registration class -> org.hibernate.type.BasicTypeReference@ce12fbb
2025-01-15T20:28:14.719-03:00 DEBUG 10448 --- [           main] org.hibernate.type.BasicTypeRegistry     : Adding type registration java.lang.Class -> org.hibernate.type.BasicTypeReference@ce12fbb
2025-01-15T20:28:14.719-03:00 DEBUG 10448 --- [           main] org.hibernate.type.BasicTypeRegistry     : Adding type registration currency -> org.hibernate.type.BasicTypeReference@4525e9e8
2025-01-15T20:28:14.719-03:00 DEBUG 10448 --- [           main] org.hibernate.type.BasicTypeRegistry     : Adding type registration Currency -> org.hibernate.type.BasicTypeReference@4525e9e8
2025-01-15T20:28:14.719-03:00 DEBUG 10448 --- [           main] org.hibernate.type.BasicTypeRegistry     : Adding type registration java.util.Currency -> org.hibernate.type.BasicTypeReference@4525e9e8
2025-01-15T20:28:14.719-03:00 DEBUG 10448 --- [           main] org.hibernate.type.BasicTypeRegistry     : Adding type registration locale -> org.hibernate.type.BasicTypeReference@443a53df
2025-01-15T20:28:14.720-03:00 DEBUG 10448 --- [           main] org.hibernate.type.BasicTypeRegistry     : Adding type registration java.util.Locale -> org.hibernate.type.BasicTypeReference@443a53df
2025-01-15T20:28:14.720-03:00 DEBUG 10448 --- [           main] org.hibernate.type.BasicTypeRegistry     : Adding type registration serializable -> org.hibernate.type.BasicTypeReference@6c33da7a
2025-01-15T20:28:14.720-03:00 DEBUG 10448 --- [           main] org.hibernate.type.BasicTypeRegistry     : Adding type registration java.io.Serializable -> org.hibernate.type.BasicTypeReference@6c33da7a
2025-01-15T20:28:14.720-03:00 DEBUG 10448 --- [           main] org.hibernate.type.BasicTypeRegistry     : Adding type registration timezone -> org.hibernate.type.BasicTypeReference@69aabcb0
2025-01-15T20:28:14.720-03:00 DEBUG 10448 --- [           main] org.hibernate.type.BasicTypeRegistry     : Adding type registration java.util.TimeZone -> org.hibernate.type.BasicTypeReference@69aabcb0
2025-01-15T20:28:14.720-03:00 DEBUG 10448 --- [           main] org.hibernate.type.BasicTypeRegistry     : Adding type registration ZoneOffset -> org.hibernate.type.BasicTypeReference@32a72c4
2025-01-15T20:28:14.720-03:00 DEBUG 10448 --- [           main] org.hibernate.type.BasicTypeRegistry     : Adding type registration java.time.ZoneOffset -> org.hibernate.type.BasicTypeReference@32a72c4
2025-01-15T20:28:14.720-03:00 DEBUG 10448 --- [           main] org.hibernate.type.BasicTypeRegistry     : Adding type registration url -> org.hibernate.type.BasicTypeReference@15986dd5
2025-01-15T20:28:14.720-03:00 DEBUG 10448 --- [           main] org.hibernate.type.BasicTypeRegistry     : Adding type registration java.net.URL -> org.hibernate.type.BasicTypeReference@15986dd5
2025-01-15T20:28:14.720-03:00 DEBUG 10448 --- [           main] org.hibernate.type.BasicTypeRegistry     : Adding type registration row_version -> org.hibernate.type.BasicTypeReference@678a9516
2025-01-15T20:28:14.729-03:00 DEBUG 10448 --- [           main] org.hibernate.type.BasicTypeRegistry     : Adding type registration object -> org.hibernate.type.JavaObjectType@eed890d
2025-01-15T20:28:14.730-03:00 DEBUG 10448 --- [           main] org.hibernate.type.BasicTypeRegistry     : Adding type registration java.lang.Object -> org.hibernate.type.JavaObjectType@eed890d
2025-01-15T20:28:14.732-03:00 DEBUG 10448 --- [           main] org.hibernate.type.BasicTypeRegistry     : Adding type registration null -> org.hibernate.type.NullType@38588dea
2025-01-15T20:28:14.733-03:00 DEBUG 10448 --- [           main] org.hibernate.type.BasicTypeRegistry     : Adding type registration imm_date -> org.hibernate.type.BasicTypeReference@553d2579
2025-01-15T20:28:14.733-03:00 DEBUG 10448 --- [           main] org.hibernate.type.BasicTypeRegistry     : Adding type registration imm_time -> org.hibernate.type.BasicTypeReference@2a8f6e6
2025-01-15T20:28:14.734-03:00 DEBUG 10448 --- [           main] org.hibernate.type.BasicTypeRegistry     : Adding type registration imm_timestamp -> org.hibernate.type.BasicTypeReference@1ac730cd
2025-01-15T20:28:14.734-03:00 DEBUG 10448 --- [           main] org.hibernate.type.BasicTypeRegistry     : Adding type registration imm_calendar -> org.hibernate.type.BasicTypeReference@668cc9a2
2025-01-15T20:28:14.734-03:00 DEBUG 10448 --- [           main] org.hibernate.type.BasicTypeRegistry     : Adding type registration imm_calendar_date -> org.hibernate.type.BasicTypeReference@5aa62ee7
2025-01-15T20:28:14.734-03:00 DEBUG 10448 --- [           main] org.hibernate.type.BasicTypeRegistry     : Adding type registration imm_calendar_time -> org.hibernate.type.BasicTypeReference@1f7cec93
2025-01-15T20:28:14.734-03:00 DEBUG 10448 --- [           main] org.hibernate.type.BasicTypeRegistry     : Adding type registration imm_binary -> org.hibernate.type.BasicTypeReference@3c9ef6e9
2025-01-15T20:28:14.734-03:00 DEBUG 10448 --- [           main] org.hibernate.type.BasicTypeRegistry     : Adding type registration imm_serializable -> org.hibernate.type.BasicTypeReference@3cdff901
2025-01-15T20:28:14.747-03:00 DEBUG 10448 --- [           main] o.h.boot.internal.BootstrapContextImpl   : Injecting JPA temp ClassLoader [org.springframework.instrument.classloading.SimpleThrowawayClassLoader@77b5148c] into BootstrapContext; was [null]
2025-01-15T20:28:14.747-03:00 DEBUG 10448 --- [           main] o.h.boot.internal.ClassLoaderAccessImpl  : ClassLoaderAccessImpl#injectTempClassLoader(org.springframework.instrument.classloading.SimpleThrowawayClassLoader@77b5148c) [was null]
2025-01-15T20:28:14.748-03:00 DEBUG 10448 --- [           main] o.h.boot.internal.BootstrapContextImpl   : Injecting ScanEnvironment [org.hibernate.jpa.boot.internal.StandardJpaScanEnvironmentImpl@53eba4b8] into BootstrapContext; was [null]
2025-01-15T20:28:14.748-03:00 DEBUG 10448 --- [           main] o.h.boot.internal.BootstrapContextImpl   : Injecting ScanOptions [org.hibernate.boot.archive.scan.internal.StandardScanOptions@437bd805] into BootstrapContext; was [org.hibernate.boot.archive.scan.internal.StandardScanOptions@4b88ca8e]
2025-01-15T20:28:14.800-03:00 DEBUG 10448 --- [           main] o.h.b.i.BytecodeProviderInitiator        : HHH000021: Bytecode provider: bytebuddy
2025-01-15T20:28:15.161-03:00  INFO 10448 --- [           main] o.s.o.j.p.SpringPersistenceUnitInfo      : No LoadTimeWeaver setup: ignoring JPA class transformer
2025-01-15T20:28:15.161-03:00 DEBUG 10448 --- [           main] o.h.boot.internal.BootstrapContextImpl   : Injecting JPA temp ClassLoader [null] into BootstrapContext; was [org.springframework.instrument.classloading.SimpleThrowawayClassLoader@77b5148c]
2025-01-15T20:28:15.161-03:00 DEBUG 10448 --- [           main] o.h.boot.internal.ClassLoaderAccessImpl  : ClassLoaderAccessImpl#injectTempClassLoader(null) [was org.springframework.instrument.classloading.SimpleThrowawayClassLoader@77b5148c]
2025-01-15T20:28:15.216-03:00  INFO 10448 --- [           main] com.zaxxer.hikari.HikariDataSource       : HikariPool-1 - Starting...
2025-01-15T20:28:15.816-03:00  INFO 10448 --- [           main] com.zaxxer.hikari.pool.HikariPool        : HikariPool-1 - Added connection com.mysql.cj.jdbc.ConnectionImpl@7b451bf4
2025-01-15T20:28:15.820-03:00  INFO 10448 --- [           main] com.zaxxer.hikari.HikariDataSource       : HikariPool-1 - Start completed.
2025-01-15T20:28:15.828-03:00 DEBUG 10448 --- [           main] o.h.e.j.e.i.JdbcEnvironmentInitiator     : Database ->
       name : MySQL
    version : 8.0.40
      major : 8
      minor : 0
2025-01-15T20:28:15.828-03:00 DEBUG 10448 --- [           main] o.h.e.j.e.i.JdbcEnvironmentInitiator     : Driver ->
       name : MySQL Connector/J
    version : mysql-connector-j-8.1.0 (Revision: 7b6f9a337afe6ccb41823df485bf848ca7952b09)
      major : 8
      minor : 1
2025-01-15T20:28:15.829-03:00 DEBUG 10448 --- [           main] o.h.e.j.e.i.JdbcEnvironmentInitiator     : JDBC version : 4.2
2025-01-15T20:28:15.952-03:00 DEBUG 10448 --- [           main] org.hibernate.orm.dialect                : HHH035001: Using dialect: org.hibernate.dialect.MySQLDialect, version: 8.0.40
2025-01-15T20:28:15.966-03:00 DEBUG 10448 --- [           main] o.h.e.j.env.spi.IdentifierHelperBuilder  : JDBC driver metadata reported database stores quoted identifiers in more than one case
2025-01-15T20:28:15.967-03:00 DEBUG 10448 --- [           main] o.h.e.j.env.spi.IdentifierHelperBuilder  : IdentifierCaseStrategy for both quoted and unquoted identifiers was set to the same strategy [LOWER]; that will likely lead to problems in schema update and validation if using quoted identifiers
2025-01-15T20:28:16.005-03:00 DEBUG 10448 --- [           main] o.h.t.d.sql.spi.DdlTypeRegistry          : addDescriptor(12, org.hibernate.type.descriptor.sql.internal.CapacityDependentDdlType@61957d9c) replaced previous registration(org.hibernate.type.descriptor.sql.internal.CapacityDependentDdlType@29c59b6e)
2025-01-15T20:28:16.005-03:00 DEBUG 10448 --- [           main] o.h.t.d.sql.spi.DdlTypeRegistry          : addDescriptor(-9, org.hibernate.type.descriptor.sql.internal.CapacityDependentDdlType@483b7dc4) replaced previous registration(org.hibernate.type.descriptor.sql.internal.CapacityDependentDdlType@6b8bdcc6)
2025-01-15T20:28:16.006-03:00 DEBUG 10448 --- [           main] o.h.t.d.sql.spi.DdlTypeRegistry          : addDescriptor(-3, org.hibernate.type.descriptor.sql.internal.CapacityDependentDdlType@213835b6) replaced previous registration(org.hibernate.type.descriptor.sql.internal.CapacityDependentDdlType@24a3d414)
2025-01-15T20:28:16.006-03:00 DEBUG 10448 --- [           main] o.h.t.d.sql.spi.DdlTypeRegistry          : addDescriptor(4003, org.hibernate.type.descriptor.sql.internal.DdlTypeImpl@37e55819) replaced previous registration(org.hibernate.type.descriptor.sql.internal.DdlTypeImpl@2bdcfcf)
2025-01-15T20:28:16.006-03:00 DEBUG 10448 --- [           main] o.h.t.d.sql.spi.DdlTypeRegistry          : addDescriptor(4001, org.hibernate.type.descriptor.sql.internal.DdlTypeImpl@6248cfab) replaced previous registration(org.hibernate.type.descriptor.sql.internal.DdlTypeImpl@5871a482)
2025-01-15T20:28:16.007-03:00 DEBUG 10448 --- [           main] o.h.t.d.sql.spi.DdlTypeRegistry          : addDescriptor(4002, org.hibernate.type.descriptor.sql.internal.DdlTypeImpl@45c90a05) replaced previous registration(org.hibernate.type.descriptor.sql.internal.DdlTypeImpl@296676c4)
2025-01-15T20:28:16.007-03:00 DEBUG 10448 --- [           main] o.h.t.d.sql.spi.DdlTypeRegistry          : addDescriptor(2004, org.hibernate.type.descriptor.sql.internal.CapacityDependentDdlType@df7d1d4) replaced previous registration(org.hibernate.type.descriptor.sql.internal.DdlTypeImpl@58f7215c)
2025-01-15T20:28:16.007-03:00 DEBUG 10448 --- [           main] o.h.t.d.sql.spi.DdlTypeRegistry          : addDescriptor(2005, org.hibernate.type.descriptor.sql.internal.CapacityDependentDdlType@55638165) replaced previous registration(org.hibernate.type.descriptor.sql.internal.DdlTypeImpl@4fa91d5b)
2025-01-15T20:28:16.007-03:00 DEBUG 10448 --- [           main] o.h.t.d.sql.spi.DdlTypeRegistry          : addDescriptor(2011, org.hibernate.type.descriptor.sql.internal.CapacityDependentDdlType@7ce30c0b) replaced previous registration(org.hibernate.type.descriptor.sql.internal.DdlTypeImpl@1d7f2f0a)
2025-01-15T20:28:16.011-03:00 DEBUG 10448 --- [           main] o.h.t.d.jdbc.spi.JdbcTypeRegistry        : addDescriptor(NCharTypeDescriptor) replaced previous registration(CharTypeDescriptor)
2025-01-15T20:28:16.011-03:00 DEBUG 10448 --- [           main] o.h.t.d.jdbc.spi.JdbcTypeRegistry        : addDescriptor(NVarcharTypeDescriptor) replaced previous registration(VarcharTypeDescriptor)
2025-01-15T20:28:16.012-03:00 DEBUG 10448 --- [           main] o.h.t.d.jdbc.spi.JdbcTypeRegistry        : addDescriptor(LongNVarcharTypeDescriptor) replaced previous registration(LongVarcharTypeDescriptor)
2025-01-15T20:28:16.020-03:00 DEBUG 10448 --- [           main] o.h.t.d.jdbc.spi.JdbcTypeRegistry        : addDescriptor(NClobTypeDescriptor(DEFAULT)) replaced previous registration(ClobTypeDescriptor(DEFAULT))
2025-01-15T20:28:16.021-03:00 DEBUG 10448 --- [           main] o.h.t.d.jdbc.spi.JdbcTypeRegistry        : addDescriptor(2005, ClobTypeDescriptor(STREAM_BINDING)) replaced previous registration(ClobTypeDescriptor(DEFAULT))
2025-01-15T20:28:16.027-03:00 DEBUG 10448 --- [           main] org.hibernate.type.BasicTypeRegistry     : Adding type registration null -> org.hibernate.type.NullType@69fe7090
2025-01-15T20:28:16.028-03:00 DEBUG 10448 --- [           main] org.hibernate.type.BasicTypeRegistry     : Type registration key [null] overrode previous entry : `org.hibernate.type.NullType@38588dea`
2025-01-15T20:28:16.037-03:00 DEBUG 10448 --- [           main] org.hibernate.type.BasicTypeRegistry     : Adding type registration Duration -> basicType@1(java.time.Duration,2)
2025-01-15T20:28:16.037-03:00 DEBUG 10448 --- [           main] org.hibernate.type.BasicTypeRegistry     : Adding type registration java.time.Duration -> basicType@1(java.time.Duration,2)
2025-01-15T20:28:16.044-03:00 DEBUG 10448 --- [           main] org.hibernate.type.BasicTypeRegistry     : Adding type registration org.hibernate.type.OffsetDateTimeType -> basicType@2(java.time.OffsetDateTime,3003)
2025-01-15T20:28:16.044-03:00 DEBUG 10448 --- [           main] org.hibernate.type.BasicTypeRegistry     : Adding type registration OffsetDateTime -> basicType@2(java.time.OffsetDateTime,3003)
2025-01-15T20:28:16.044-03:00 DEBUG 10448 --- [           main] org.hibernate.type.BasicTypeRegistry     : Adding type registration java.time.OffsetDateTime -> basicType@2(java.time.OffsetDateTime,3003)
2025-01-15T20:28:16.044-03:00 DEBUG 10448 --- [           main] org.hibernate.type.BasicTypeRegistry     : Adding type registration org.hibernate.type.ZonedDateTimeType -> basicType@3(java.time.ZonedDateTime,3003)
2025-01-15T20:28:16.045-03:00 DEBUG 10448 --- [           main] org.hibernate.type.BasicTypeRegistry     : Adding type registration ZonedDateTime -> basicType@3(java.time.ZonedDateTime,3003)
2025-01-15T20:28:16.045-03:00 DEBUG 10448 --- [           main] org.hibernate.type.BasicTypeRegistry     : Adding type registration java.time.ZonedDateTime -> basicType@3(java.time.ZonedDateTime,3003)
2025-01-15T20:28:16.048-03:00 DEBUG 10448 --- [           main] org.hibernate.type.BasicTypeRegistry     : Adding type registration org.hibernate.type.OffsetTimeType -> basicType@4(java.time.OffsetTime,3007)
2025-01-15T20:28:16.049-03:00 DEBUG 10448 --- [           main] org.hibernate.type.BasicTypeRegistry     : Adding type registration OffsetTime -> basicType@4(java.time.OffsetTime,3007)
2025-01-15T20:28:16.049-03:00 DEBUG 10448 --- [           main] org.hibernate.type.BasicTypeRegistry     : Adding type registration java.time.OffsetTime -> basicType@4(java.time.OffsetTime,3007)
2025-01-15T20:28:16.053-03:00 DEBUG 10448 --- [           main] o.h.type.spi.TypeConfiguration$Scope     : Scoping TypeConfiguration [org.hibernate.type.spi.TypeConfiguration@534762ed] to MetadataBuildingContext [org.hibernate.boot.internal.MetadataBuildingContextRootImpl@6c421123]
2025-01-15T20:28:16.161-03:00 DEBUG 10448 --- [           main] o.h.boot.model.relational.Namespace      : Created database namespace [logicalName=Name{catalog=null, schema=null}, physicalName=Name{catalog=null, schema=null}]
2025-01-15T20:28:16.215-03:00 DEBUG 10448 --- [           main] o.h.boot.model.internal.EntityBinder     : Binding entity from annotated class: com.dojo.authentication.models.ProgramaModel
2025-01-15T20:28:16.258-03:00 DEBUG 10448 --- [           main] o.h.boot.model.internal.EntityBinder     : Import with entity name ProgramaModel
2025-01-15T20:28:16.274-03:00 DEBUG 10448 --- [           main] o.h.boot.model.internal.EntityBinder     : Bind entity com.dojo.authentication.models.ProgramaModel on table programas
2025-01-15T20:28:16.300-03:00 DEBUG 10448 --- [           main] o.h.boot.model.internal.AnnotatedColumn  : Binding column: AnnotatedDiscriminatorColumn(column='DTYPE')
2025-01-15T20:28:16.343-03:00 DEBUG 10448 --- [           main] o.h.boot.model.internal.AnnotatedColumn  : Binding column: AnnotatedColumn()
2025-01-15T20:28:16.347-03:00 DEBUG 10448 --- [           main] o.h.boot.internal.ClassLoaderAccessImpl  : Not known whether passed class name [com.dojo.authentication.models.ProgramaModel] is safe
2025-01-15T20:28:16.347-03:00 DEBUG 10448 --- [           main] o.h.boot.internal.ClassLoaderAccessImpl  : No temp ClassLoader provided; using live ClassLoader for loading potentially unsafe class : com.dojo.authentication.models.ProgramaModel
2025-01-15T20:28:16.354-03:00 DEBUG 10448 --- [           main] o.h.boot.model.internal.PropertyBinder   : MetadataSourceProcessor property id with lazy=false
2025-01-15T20:28:16.361-03:00 DEBUG 10448 --- [           main] o.h.b.m.internal.AbstractPropertyHolder  : Attempting to locate auto-apply AttributeConverter for property [com.dojo.authentication.models.ProgramaModel:id]
2025-01-15T20:28:16.370-03:00 DEBUG 10448 --- [           main] o.h.b.model.internal.BasicValueBinder    : building BasicValue for id
2025-01-15T20:28:16.376-03:00 DEBUG 10448 --- [           main] org.hibernate.mapping.BasicValue         : Skipping column re-registration: programas.id
2025-01-15T20:28:16.377-03:00 DEBUG 10448 --- [           main] o.h.boot.model.internal.PropertyBinder   : Building property id
2025-01-15T20:28:16.384-03:00 DEBUG 10448 --- [           main] o.h.boot.model.internal.BinderHelper     : #makeIdGenerator(BasicValue([Column(id)]), id, identity, , ...)
2025-01-15T20:28:16.386-03:00 DEBUG 10448 --- [           main] o.h.boot.model.internal.AnnotatedColumn  : Binding column: AnnotatedColumn()
2025-01-15T20:28:16.386-03:00 DEBUG 10448 --- [           main] o.h.boot.model.internal.PropertyBinder   : MetadataSourceProcessor property createdAt with lazy=false
2025-01-15T20:28:16.386-03:00 DEBUG 10448 --- [           main] o.h.b.m.internal.AbstractPropertyHolder  : Attempting to locate auto-apply AttributeConverter for property [com.dojo.authentication.models.ProgramaModel:createdAt]
2025-01-15T20:28:16.386-03:00 DEBUG 10448 --- [           main] o.h.b.model.internal.BasicValueBinder    : building BasicValue for createdAt
2025-01-15T20:28:16.386-03:00 DEBUG 10448 --- [           main] org.hibernate.mapping.BasicValue         : Skipping column re-registration: programas.created_at
2025-01-15T20:28:16.386-03:00 DEBUG 10448 --- [           main] o.h.boot.model.internal.PropertyBinder   : Building property createdAt
2025-01-15T20:28:16.390-03:00 DEBUG 10448 --- [           main] o.h.boot.model.internal.AnnotatedColumn  : Binding column: AnnotatedJoinColumn(column='user_id')
2025-01-15T20:28:16.390-03:00 DEBUG 10448 --- [           main] o.h.boot.model.internal.AnnotatedColumn  : Binding column: AnnotatedColumn()
2025-01-15T20:28:16.399-03:00 DEBUG 10448 --- [           main] o.h.boot.model.internal.PropertyBinder   : Building property host
2025-01-15T20:28:16.400-03:00 DEBUG 10448 --- [           main] o.h.boot.model.internal.AnnotatedColumn  : Binding column: AnnotatedJoinColumn()
2025-01-15T20:28:16.400-03:00 DEBUG 10448 --- [           main] o.h.boot.model.internal.AnnotatedColumn  : Binding column: AnnotatedColumn()
2025-01-15T20:28:16.417-03:00 DEBUG 10448 --- [           main] o.h.boot.model.internal.AnnotatedColumn  : Binding column: IndexColumn(column='puntacion_ORDER')
2025-01-15T20:28:16.420-03:00 DEBUG 10448 --- [           main] o.h.boot.model.internal.AnnotatedColumn  : Binding column: AnnotatedColumn()
2025-01-15T20:28:16.422-03:00 DEBUG 10448 --- [           main] o.h.boot.model.internal.AnnotatedColumn  : Binding column: AnnotatedColumn(column='puntacion_KEY')
2025-01-15T20:28:16.423-03:00 DEBUG 10448 --- [           main] o.h.boot.model.internal.AnnotatedColumn  : Binding column: AnnotatedJoinColumn(column='puntacion_KEY')
2025-01-15T20:28:16.424-03:00 DEBUG 10448 --- [           main] o.h.boot.model.internal.AnnotatedColumn  : Binding column: AnnotatedJoinColumn()
2025-01-15T20:28:16.425-03:00 DEBUG 10448 --- [           main] o.h.boot.model.internal.AnnotatedColumn  : Binding column: AnnotatedJoinColumn()
2025-01-15T20:28:16.429-03:00 DEBUG 10448 --- [           main] o.h.b.model.internal.CollectionBinder    : Collection role: com.dojo.authentication.models.ProgramaModel.puntacion
2025-01-15T20:28:16.432-03:00 DEBUG 10448 --- [           main] o.h.boot.model.internal.PropertyBinder   : Building property puntacion
2025-01-15T20:28:16.436-03:00 DEBUG 10448 --- [           main] o.h.boot.model.internal.AnnotatedColumn  : Binding column: AnnotatedColumn()
2025-01-15T20:28:16.436-03:00 DEBUG 10448 --- [           main] o.h.boot.model.internal.PropertyBinder   : MetadataSourceProcessor property red with lazy=false
2025-01-15T20:28:16.436-03:00 DEBUG 10448 --- [           main] o.h.b.m.internal.AbstractPropertyHolder  : Attempting to locate auto-apply AttributeConverter for property [com.dojo.authentication.models.ProgramaModel:red]
2025-01-15T20:28:16.436-03:00 DEBUG 10448 --- [           main] o.h.b.model.internal.BasicValueBinder    : building BasicValue for red
2025-01-15T20:28:16.436-03:00 DEBUG 10448 --- [           main] org.hibernate.mapping.BasicValue         : Skipping column re-registration: programas.red
2025-01-15T20:28:16.437-03:00 DEBUG 10448 --- [           main] o.h.boot.model.internal.PropertyBinder   : Building property red
2025-01-15T20:28:16.439-03:00 DEBUG 10448 --- [           main] o.h.boot.model.internal.AnnotatedColumn  : Binding column: AnnotatedColumn()
2025-01-15T20:28:16.439-03:00 DEBUG 10448 --- [           main] o.h.boot.model.internal.PropertyBinder   : MetadataSourceProcessor property titulo with lazy=false
2025-01-15T20:28:16.439-03:00 DEBUG 10448 --- [           main] o.h.b.m.internal.AbstractPropertyHolder  : Attempting to locate auto-apply AttributeConverter for property [com.dojo.authentication.models.ProgramaModel:titulo]
2025-01-15T20:28:16.439-03:00 DEBUG 10448 --- [           main] o.h.b.model.internal.BasicValueBinder    : building BasicValue for titulo
2025-01-15T20:28:16.439-03:00 DEBUG 10448 --- [           main] org.hibernate.mapping.BasicValue         : Skipping column re-registration: programas.titulo
2025-01-15T20:28:16.439-03:00 DEBUG 10448 --- [           main] o.h.boot.model.internal.PropertyBinder   : Building property titulo
2025-01-15T20:28:16.440-03:00 DEBUG 10448 --- [           main] o.h.boot.model.internal.AnnotatedColumn  : Binding column: AnnotatedColumn()
2025-01-15T20:28:16.440-03:00 DEBUG 10448 --- [           main] o.h.boot.model.internal.PropertyBinder   : MetadataSourceProcessor property updatedAt with lazy=false
2025-01-15T20:28:16.440-03:00 DEBUG 10448 --- [           main] o.h.b.m.internal.AbstractPropertyHolder  : Attempting to locate auto-apply AttributeConverter for property [com.dojo.authentication.models.ProgramaModel:updatedAt]
2025-01-15T20:28:16.440-03:00 DEBUG 10448 --- [           main] o.h.b.model.internal.BasicValueBinder    : building BasicValue for updatedAt
2025-01-15T20:28:16.440-03:00 DEBUG 10448 --- [           main] org.hibernate.mapping.BasicValue         : Skipping column re-registration: programas.updated_at
2025-01-15T20:28:16.440-03:00 DEBUG 10448 --- [           main] o.h.boot.model.internal.PropertyBinder   : Building property updatedAt
2025-01-15T20:28:16.450-03:00 DEBUG 10448 --- [           main] e.i.CallbackDefinitionResolverLegacyImpl : Adding onUpdate as PreUpdate callback for entity com.dojo.authentication.models.ProgramaModel
2025-01-15T20:28:16.451-03:00 DEBUG 10448 --- [           main] e.i.CallbackDefinitionResolverLegacyImpl : Adding onCreate as PrePersist callback for entity com.dojo.authentication.models.ProgramaModel
2025-01-15T20:28:16.454-03:00 DEBUG 10448 --- [           main] o.h.boot.model.internal.EntityBinder     : Binding entity from annotated class: com.dojo.authentication.models.Puntuacion
2025-01-15T20:28:16.454-03:00 DEBUG 10448 --- [           main] o.h.boot.model.internal.EntityBinder     : Import with entity name Puntuacion
2025-01-15T20:28:16.455-03:00 DEBUG 10448 --- [           main] o.h.boot.model.internal.EntityBinder     : Bind entity com.dojo.authentication.models.Puntuacion on table puntuacion
2025-01-15T20:28:16.455-03:00 DEBUG 10448 --- [           main] o.h.boot.model.internal.AnnotatedColumn  : Binding column: AnnotatedDiscriminatorColumn(column='DTYPE')
2025-01-15T20:28:16.459-03:00 DEBUG 10448 --- [           main] o.h.boot.model.internal.AnnotatedColumn  : Binding column: AnnotatedColumn()
2025-01-15T20:28:16.459-03:00 DEBUG 10448 --- [           main] o.h.boot.internal.ClassLoaderAccessImpl  : Not known whether passed class name [com.dojo.authentication.models.Puntuacion] is safe
2025-01-15T20:28:16.459-03:00 DEBUG 10448 --- [           main] o.h.boot.internal.ClassLoaderAccessImpl  : No temp ClassLoader provided; using live ClassLoader for loading potentially unsafe class : com.dojo.authentication.models.Puntuacion
2025-01-15T20:28:16.459-03:00 DEBUG 10448 --- [           main] o.h.boot.model.internal.PropertyBinder   : MetadataSourceProcessor property id with lazy=false
2025-01-15T20:28:16.459-03:00 DEBUG 10448 --- [           main] o.h.b.m.internal.AbstractPropertyHolder  : Attempting to locate auto-apply AttributeConverter for property [com.dojo.authentication.models.Puntuacion:id]
2025-01-15T20:28:16.459-03:00 DEBUG 10448 --- [           main] o.h.b.model.internal.BasicValueBinder    : building BasicValue for id
2025-01-15T20:28:16.459-03:00 DEBUG 10448 --- [           main] org.hibernate.mapping.BasicValue         : Skipping column re-registration: puntuacion.id
2025-01-15T20:28:16.460-03:00 DEBUG 10448 --- [           main] o.h.boot.model.internal.PropertyBinder   : Building property id
2025-01-15T20:28:16.460-03:00 DEBUG 10448 --- [           main] o.h.boot.model.internal.BinderHelper     : #makeIdGenerator(BasicValue([Column(id)]), id, identity, , ...)
2025-01-15T20:28:16.460-03:00 DEBUG 10448 --- [           main] o.h.boot.model.internal.AnnotatedColumn  : Binding column: AnnotatedJoinColumn(column='user_id')
2025-01-15T20:28:16.461-03:00 DEBUG 10448 --- [           main] o.h.boot.model.internal.AnnotatedColumn  : Binding column: AnnotatedColumn()
2025-01-15T20:28:16.461-03:00 DEBUG 10448 --- [           main] o.h.boot.model.internal.PropertyBinder   : Building property host
2025-01-15T20:28:16.461-03:00 DEBUG 10448 --- [           main] o.h.boot.model.internal.AnnotatedColumn  : Binding column: AnnotatedJoinColumn(column='programas_id')
2025-01-15T20:28:16.462-03:00 DEBUG 10448 --- [           main] o.h.boot.model.internal.AnnotatedColumn  : Binding column: AnnotatedColumn()
2025-01-15T20:28:16.462-03:00 DEBUG 10448 --- [           main] o.h.boot.model.internal.PropertyBinder   : Building property programa
2025-01-15T20:28:16.464-03:00 DEBUG 10448 --- [           main] o.h.boot.model.internal.AnnotatedColumn  : Binding column: AnnotatedColumn()
2025-01-15T20:28:16.465-03:00 DEBUG 10448 --- [           main] o.h.boot.model.internal.PropertyBinder   : MetadataSourceProcessor property rating with lazy=false
2025-01-15T20:28:16.465-03:00 DEBUG 10448 --- [           main] o.h.b.m.internal.AbstractPropertyHolder  : Attempting to locate auto-apply AttributeConverter for property [com.dojo.authentication.models.Puntuacion:rating]
2025-01-15T20:28:16.465-03:00 DEBUG 10448 --- [           main] o.h.b.model.internal.BasicValueBinder    : building BasicValue for rating
2025-01-15T20:28:16.465-03:00 DEBUG 10448 --- [           main] org.hibernate.mapping.BasicValue         : Skipping column re-registration: puntuacion.rating
2025-01-15T20:28:16.465-03:00 DEBUG 10448 --- [           main] o.h.boot.model.internal.PropertyBinder   : Building property rating
2025-01-15T20:28:16.466-03:00 DEBUG 10448 --- [           main] o.h.boot.model.internal.EntityBinder     : Binding entity from annotated class: com.dojo.authentication.models.User
2025-01-15T20:28:16.466-03:00 DEBUG 10448 --- [           main] o.h.boot.model.internal.EntityBinder     : Import with entity name User
2025-01-15T20:28:16.467-03:00 DEBUG 10448 --- [           main] o.h.boot.model.internal.EntityBinder     : Bind entity com.dojo.authentication.models.User on table users
2025-01-15T20:28:16.467-03:00 DEBUG 10448 --- [           main] o.h.boot.model.internal.AnnotatedColumn  : Binding column: AnnotatedDiscriminatorColumn(column='DTYPE')
2025-01-15T20:28:16.472-03:00 DEBUG 10448 --- [           main] o.h.boot.model.internal.AnnotatedColumn  : Binding column: AnnotatedColumn()
2025-01-15T20:28:16.472-03:00 DEBUG 10448 --- [           main] o.h.boot.internal.ClassLoaderAccessImpl  : Not known whether passed class name [com.dojo.authentication.models.User] is safe
2025-01-15T20:28:16.472-03:00 DEBUG 10448 --- [           main] o.h.boot.internal.ClassLoaderAccessImpl  : No temp ClassLoader provided; using live ClassLoader for loading potentially unsafe class : com.dojo.authentication.models.User
2025-01-15T20:28:16.472-03:00 DEBUG 10448 --- [           main] o.h.boot.model.internal.PropertyBinder   : MetadataSourceProcessor property id with lazy=false
2025-01-15T20:28:16.472-03:00 DEBUG 10448 --- [           main] o.h.b.m.internal.AbstractPropertyHolder  : Attempting to locate auto-apply AttributeConverter for property [com.dojo.authentication.models.User:id]
2025-01-15T20:28:16.473-03:00 DEBUG 10448 --- [           main] o.h.b.model.internal.BasicValueBinder    : building BasicValue for id
2025-01-15T20:28:16.473-03:00 DEBUG 10448 --- [           main] org.hibernate.mapping.BasicValue         : Skipping column re-registration: users.id
2025-01-15T20:28:16.473-03:00 DEBUG 10448 --- [           main] o.h.boot.model.internal.PropertyBinder   : Building property id
2025-01-15T20:28:16.473-03:00 DEBUG 10448 --- [           main] o.h.boot.model.internal.BinderHelper     : #makeIdGenerator(BasicValue([Column(id)]), id, identity, , ...)
2025-01-15T20:28:16.473-03:00 DEBUG 10448 --- [           main] o.h.boot.model.internal.AnnotatedColumn  : Binding column: AnnotatedColumn()
2025-01-15T20:28:16.474-03:00 DEBUG 10448 --- [           main] o.h.boot.model.internal.PropertyBinder   : MetadataSourceProcessor property createdAt with lazy=false
2025-01-15T20:28:16.474-03:00 DEBUG 10448 --- [           main] o.h.b.m.internal.AbstractPropertyHolder  : Attempting to locate auto-apply AttributeConverter for property [com.dojo.authentication.models.User:createdAt]
2025-01-15T20:28:16.474-03:00 DEBUG 10448 --- [           main] o.h.b.model.internal.BasicValueBinder    : building BasicValue for createdAt
2025-01-15T20:28:16.474-03:00 DEBUG 10448 --- [           main] org.hibernate.mapping.BasicValue         : Skipping column re-registration: users.created_at
2025-01-15T20:28:16.474-03:00 DEBUG 10448 --- [           main] o.h.boot.model.internal.PropertyBinder   : Building property createdAt
2025-01-15T20:28:16.475-03:00 DEBUG 10448 --- [           main] o.h.boot.model.internal.AnnotatedColumn  : Binding column: AnnotatedColumn()
2025-01-15T20:28:16.476-03:00 DEBUG 10448 --- [           main] o.h.boot.model.internal.PropertyBinder   : MetadataSourceProcessor property email with lazy=false
2025-01-15T20:28:16.476-03:00 DEBUG 10448 --- [           main] o.h.b.m.internal.AbstractPropertyHolder  : Attempting to locate auto-apply AttributeConverter for property [com.dojo.authentication.models.User:email]
2025-01-15T20:28:16.476-03:00 DEBUG 10448 --- [           main] o.h.b.model.internal.BasicValueBinder    : building BasicValue for email
2025-01-15T20:28:16.476-03:00 DEBUG 10448 --- [           main] org.hibernate.mapping.BasicValue         : Skipping column re-registration: users.email
2025-01-15T20:28:16.476-03:00 DEBUG 10448 --- [           main] o.h.boot.model.internal.PropertyBinder   : Building property email
2025-01-15T20:28:16.477-03:00 DEBUG 10448 --- [           main] o.h.boot.model.internal.AnnotatedColumn  : Binding column: AnnotatedColumn()
2025-01-15T20:28:16.477-03:00 DEBUG 10448 --- [           main] o.h.boot.model.internal.PropertyBinder   : MetadataSourceProcessor property password with lazy=false
2025-01-15T20:28:16.477-03:00 DEBUG 10448 --- [           main] o.h.b.m.internal.AbstractPropertyHolder  : Attempting to locate auto-apply AttributeConverter for property [com.dojo.authentication.models.User:password]
2025-01-15T20:28:16.477-03:00 DEBUG 10448 --- [           main] o.h.b.model.internal.BasicValueBinder    : building BasicValue for password
2025-01-15T20:28:16.477-03:00 DEBUG 10448 --- [           main] org.hibernate.mapping.BasicValue         : Skipping column re-registration: users.password
2025-01-15T20:28:16.477-03:00 DEBUG 10448 --- [           main] o.h.boot.model.internal.PropertyBinder   : Building property password
2025-01-15T20:28:16.478-03:00 DEBUG 10448 --- [           main] o.h.boot.model.internal.AnnotatedColumn  : Binding column: AnnotatedJoinColumn()
2025-01-15T20:28:16.478-03:00 DEBUG 10448 --- [           main] o.h.boot.model.internal.AnnotatedColumn  : Binding column: AnnotatedColumn()
2025-01-15T20:28:16.478-03:00 DEBUG 10448 --- [           main] o.h.boot.model.internal.AnnotatedColumn  : Binding column: IndexColumn(column='programas_ORDER')
2025-01-15T20:28:16.479-03:00 DEBUG 10448 --- [           main] o.h.boot.model.internal.AnnotatedColumn  : Binding column: AnnotatedColumn()
2025-01-15T20:28:16.479-03:00 DEBUG 10448 --- [           main] o.h.boot.model.internal.AnnotatedColumn  : Binding column: AnnotatedColumn(column='programas_KEY')
2025-01-15T20:28:16.480-03:00 DEBUG 10448 --- [           main] o.h.boot.model.internal.AnnotatedColumn  : Binding column: AnnotatedJoinColumn(column='programas_KEY')
2025-01-15T20:28:16.480-03:00 DEBUG 10448 --- [           main] o.h.boot.model.internal.AnnotatedColumn  : Binding column: AnnotatedJoinColumn()
2025-01-15T20:28:16.480-03:00 DEBUG 10448 --- [           main] o.h.boot.model.internal.AnnotatedColumn  : Binding column: AnnotatedJoinColumn()
2025-01-15T20:28:16.480-03:00 DEBUG 10448 --- [           main] o.h.b.model.internal.CollectionBinder    : Collection role: com.dojo.authentication.models.User.programas
2025-01-15T20:28:16.480-03:00 DEBUG 10448 --- [           main] o.h.boot.model.internal.PropertyBinder   : Building property programas
2025-01-15T20:28:16.480-03:00 DEBUG 10448 --- [           main] o.h.boot.model.internal.AnnotatedColumn  : Binding column: AnnotatedJoinColumn()
2025-01-15T20:28:16.481-03:00 DEBUG 10448 --- [           main] o.h.boot.model.internal.AnnotatedColumn  : Binding column: AnnotatedColumn()
2025-01-15T20:28:16.481-03:00 DEBUG 10448 --- [           main] o.h.boot.model.internal.AnnotatedColumn  : Binding column: IndexColumn(column='puntacion_ORDER')
2025-01-15T20:28:16.481-03:00 DEBUG 10448 --- [           main] o.h.boot.model.internal.AnnotatedColumn  : Binding column: AnnotatedColumn()
2025-01-15T20:28:16.482-03:00 DEBUG 10448 --- [           main] o.h.boot.model.internal.AnnotatedColumn  : Binding column: AnnotatedColumn(column='puntacion_KEY')
2025-01-15T20:28:16.482-03:00 DEBUG 10448 --- [           main] o.h.boot.model.internal.AnnotatedColumn  : Binding column: AnnotatedJoinColumn(column='puntacion_KEY')
2025-01-15T20:28:16.482-03:00 DEBUG 10448 --- [           main] o.h.boot.model.internal.AnnotatedColumn  : Binding column: AnnotatedJoinColumn()
2025-01-15T20:28:16.482-03:00 DEBUG 10448 --- [           main] o.h.boot.model.internal.AnnotatedColumn  : Binding column: AnnotatedJoinColumn()
2025-01-15T20:28:16.482-03:00 DEBUG 10448 --- [           main] o.h.b.model.internal.CollectionBinder    : Collection role: com.dojo.authentication.models.User.puntacion
2025-01-15T20:28:16.482-03:00 DEBUG 10448 --- [           main] o.h.boot.model.internal.PropertyBinder   : Building property puntacion
2025-01-15T20:28:16.483-03:00 DEBUG 10448 --- [           main] o.h.boot.model.internal.AnnotatedColumn  : Binding column: AnnotatedColumn()
2025-01-15T20:28:16.483-03:00 DEBUG 10448 --- [           main] o.h.boot.model.internal.PropertyBinder   : MetadataSourceProcessor property updatedAt with lazy=false
2025-01-15T20:28:16.483-03:00 DEBUG 10448 --- [           main] o.h.b.m.internal.AbstractPropertyHolder  : Attempting to locate auto-apply AttributeConverter for property [com.dojo.authentication.models.User:updatedAt]
2025-01-15T20:28:16.483-03:00 DEBUG 10448 --- [           main] o.h.b.model.internal.BasicValueBinder    : building BasicValue for updatedAt
2025-01-15T20:28:16.483-03:00 DEBUG 10448 --- [           main] org.hibernate.mapping.BasicValue         : Skipping column re-registration: users.updated_at
2025-01-15T20:28:16.483-03:00 DEBUG 10448 --- [           main] o.h.boot.model.internal.PropertyBinder   : Building property updatedAt
2025-01-15T20:28:16.484-03:00 DEBUG 10448 --- [           main] o.h.boot.model.internal.AnnotatedColumn  : Binding column: AnnotatedColumn()
2025-01-15T20:28:16.484-03:00 DEBUG 10448 --- [           main] o.h.boot.model.internal.PropertyBinder   : MetadataSourceProcessor property userName with lazy=false
2025-01-15T20:28:16.484-03:00 DEBUG 10448 --- [           main] o.h.b.m.internal.AbstractPropertyHolder  : Attempting to locate auto-apply AttributeConverter for property [com.dojo.authentication.models.User:userName]
2025-01-15T20:28:16.484-03:00 DEBUG 10448 --- [           main] o.h.b.model.internal.BasicValueBinder    : building BasicValue for userName
2025-01-15T20:28:16.484-03:00 DEBUG 10448 --- [           main] org.hibernate.mapping.BasicValue         : Skipping column re-registration: users.user_name
2025-01-15T20:28:16.484-03:00 DEBUG 10448 --- [           main] o.h.boot.model.internal.PropertyBinder   : Building property userName
2025-01-15T20:28:16.485-03:00 DEBUG 10448 --- [           main] e.i.CallbackDefinitionResolverLegacyImpl : Adding onUpdate as PreUpdate callback for entity com.dojo.authentication.models.User
2025-01-15T20:28:16.485-03:00 DEBUG 10448 --- [           main] e.i.CallbackDefinitionResolverLegacyImpl : Adding onCreate as PrePersist callback for entity com.dojo.authentication.models.User
2025-01-15T20:28:16.487-03:00 DEBUG 10448 --- [           main] o.h.b.model.internal.BasicValueBinder    : Starting `BasicValueBinder#fillSimpleValue` for id
2025-01-15T20:28:16.489-03:00 DEBUG 10448 --- [           main] o.h.b.model.internal.BasicValueBinder    : Starting `BasicValueBinder#fillSimpleValue` for createdAt
2025-01-15T20:28:16.490-03:00 DEBUG 10448 --- [           main] o.h.b.model.internal.BasicValueBinder    : Starting `BasicValueBinder#fillSimpleValue` for red
2025-01-15T20:28:16.490-03:00 DEBUG 10448 --- [           main] o.h.b.model.internal.BasicValueBinder    : Starting `BasicValueBinder#fillSimpleValue` for titulo
2025-01-15T20:28:16.490-03:00 DEBUG 10448 --- [           main] o.h.b.model.internal.BasicValueBinder    : Starting `BasicValueBinder#fillSimpleValue` for updatedAt
2025-01-15T20:28:16.490-03:00 DEBUG 10448 --- [           main] o.h.b.model.internal.BasicValueBinder    : Starting `BasicValueBinder#fillSimpleValue` for id
2025-01-15T20:28:16.490-03:00 DEBUG 10448 --- [           main] o.h.b.model.internal.BasicValueBinder    : Starting `BasicValueBinder#fillSimpleValue` for rating
2025-01-15T20:28:16.490-03:00 DEBUG 10448 --- [           main] o.h.b.model.internal.BasicValueBinder    : Starting `BasicValueBinder#fillSimpleValue` for id
2025-01-15T20:28:16.490-03:00 DEBUG 10448 --- [           main] o.h.b.model.internal.BasicValueBinder    : Starting `BasicValueBinder#fillSimpleValue` for createdAt
2025-01-15T20:28:16.490-03:00 DEBUG 10448 --- [           main] o.h.b.model.internal.BasicValueBinder    : Starting `BasicValueBinder#fillSimpleValue` for email
2025-01-15T20:28:16.490-03:00 DEBUG 10448 --- [           main] o.h.b.model.internal.BasicValueBinder    : Starting `BasicValueBinder#fillSimpleValue` for password
2025-01-15T20:28:16.490-03:00 DEBUG 10448 --- [           main] o.h.b.model.internal.BasicValueBinder    : Starting `BasicValueBinder#fillSimpleValue` for updatedAt
2025-01-15T20:28:16.491-03:00 DEBUG 10448 --- [           main] o.h.b.model.internal.BasicValueBinder    : Starting `BasicValueBinder#fillSimpleValue` for userName
2025-01-15T20:28:16.501-03:00 DEBUG 10448 --- [           main] org.hibernate.mapping.PrimaryKey         : Forcing column [id] to be non-null as it is part of the primary key for table [programas]
2025-01-15T20:28:16.502-03:00 DEBUG 10448 --- [           main] org.hibernate.mapping.PrimaryKey         : Forcing column [id] to be non-null as it is part of the primary key for table [puntuacion]
2025-01-15T20:28:16.502-03:00 DEBUG 10448 --- [           main] org.hibernate.mapping.PrimaryKey         : Forcing column [id] to be non-null as it is part of the primary key for table [users]
2025-01-15T20:28:16.502-03:00 DEBUG 10448 --- [           main] o.h.b.m.internal.CollectionSecondPass    : Second pass for collection: com.dojo.authentication.models.ProgramaModel.puntacion
2025-01-15T20:28:16.506-03:00 DEBUG 10448 --- [           main] o.h.b.model.internal.CollectionBinder    : Binding a OneToMany: com.dojo.authentication.models.ProgramaModel.puntacion through a foreign key
2025-01-15T20:28:16.508-03:00 DEBUG 10448 --- [           main] o.h.b.model.internal.CollectionBinder    : Mapping collection: com.dojo.authentication.models.ProgramaModel.puntacion -> puntuacion
2025-01-15T20:28:16.511-03:00 DEBUG 10448 --- [           main] o.h.boot.model.internal.TableBinder      : Retrieving property com.dojo.authentication.models.Puntuacion.programa
2025-01-15T20:28:16.511-03:00 DEBUG 10448 --- [           main] o.h.b.m.internal.CollectionSecondPass    : Mapped collection key: programas_id, one-to-many: com.dojo.authentication.models.Puntuacion
2025-01-15T20:28:16.512-03:00 DEBUG 10448 --- [           main] o.h.b.m.internal.CollectionSecondPass    : Second pass for collection: com.dojo.authentication.models.User.programas
2025-01-15T20:28:16.512-03:00 DEBUG 10448 --- [           main] o.h.b.model.internal.CollectionBinder    : Binding a OneToMany: com.dojo.authentication.models.User.programas through a foreign key
2025-01-15T20:28:16.512-03:00 DEBUG 10448 --- [           main] o.h.b.model.internal.CollectionBinder    : Mapping collection: com.dojo.authentication.models.User.programas -> programas
2025-01-15T20:28:16.513-03:00 DEBUG 10448 --- [           main] o.h.boot.model.internal.TableBinder      : Retrieving property com.dojo.authentication.models.ProgramaModel.host
2025-01-15T20:28:16.513-03:00 DEBUG 10448 --- [           main] o.h.b.m.internal.CollectionSecondPass    : Mapped collection key: user_id, one-to-many: com.dojo.authentication.models.ProgramaModel
2025-01-15T20:28:16.513-03:00 DEBUG 10448 --- [           main] o.h.b.m.internal.CollectionSecondPass    : Second pass for collection: com.dojo.authentication.models.User.puntacion
2025-01-15T20:28:16.513-03:00 DEBUG 10448 --- [           main] o.h.b.model.internal.CollectionBinder    : Binding a OneToMany: com.dojo.authentication.models.User.puntacion through a foreign key
2025-01-15T20:28:16.513-03:00 DEBUG 10448 --- [           main] o.h.b.model.internal.CollectionBinder    : Mapping collection: com.dojo.authentication.models.User.puntacion -> puntuacion
2025-01-15T20:28:16.513-03:00 DEBUG 10448 --- [           main] o.h.boot.model.internal.TableBinder      : Retrieving property com.dojo.authentication.models.Puntuacion.host
2025-01-15T20:28:16.514-03:00 DEBUG 10448 --- [           main] o.h.b.m.internal.CollectionSecondPass    : Mapped collection key: user_id, one-to-many: com.dojo.authentication.models.Puntuacion
2025-01-15T20:28:16.514-03:00 DEBUG 10448 --- [           main] o.h.b.i.InFlightMetadataCollectorImpl    : Resolving reference to class: com.dojo.authentication.models.User
2025-01-15T20:28:16.518-03:00 DEBUG 10448 --- [           main] o.h.b.i.InFlightMetadataCollectorImpl    : Resolving reference to class: com.dojo.authentication.models.User
2025-01-15T20:28:16.519-03:00 DEBUG 10448 --- [           main] o.h.b.i.InFlightMetadataCollectorImpl    : Resolving reference to class: com.dojo.authentication.models.ProgramaModel
2025-01-15T20:28:16.538-03:00 DEBUG 10448 --- [           main] o.h.b.i.InFlightMetadataCollectorImpl    : Resolving reference to class: com.dojo.authentication.models.User
2025-01-15T20:28:16.538-03:00 DEBUG 10448 --- [           main] o.h.b.i.InFlightMetadataCollectorImpl    : Resolving reference to class: com.dojo.authentication.models.User
2025-01-15T20:28:16.538-03:00 DEBUG 10448 --- [           main] o.h.b.i.InFlightMetadataCollectorImpl    : Resolving reference to class: com.dojo.authentication.models.ProgramaModel
2025-01-15T20:28:16.600-03:00 DEBUG 10448 --- [           main] o.h.b.i.BytecodeProviderInitiator        : HHH000021: Bytecode provider: bytebuddy
2025-01-15T20:28:16.649-03:00 DEBUG 10448 --- [           main] o.hibernate.internal.SessionFactoryImpl  : Building session factory
2025-01-15T20:28:16.743-03:00 DEBUG 10448 --- [           main] .h.s.i.SessionFactoryServiceRegistryImpl : EventListenerRegistry access via ServiceRegistry is deprecated.  Use `sessionFactory.getEventEngine().getListenerRegistry()` instead
2025-01-15T20:28:16.744-03:00 DEBUG 10448 --- [           main] o.hibernate.internal.SessionFactoryImpl  : Instantiating SessionFactory with settings: {hibernate.format_sql=true, java.specification.version=17, sun.cpu.isalist=amd64, hibernate.resource.beans.container=org.springframework.orm.hibernate5.SpringBeanContainer@4182a651, hibernate.connection.handling_mode=DELAYED_ACQUISITION_AND_HOLD, sun.jnu.encoding=Cp1252, hibernate.implicit_naming_strategy=org.springframework.boot.orm.jpa.hibernate.SpringImplicitNamingStrategy, java.class.path=C:\Users\evaag\Examen-java\target\test-classes;C:\Users\evaag\Examen-java\target\classes;C:\Users\evaag\.m2\repository\org\springframework\boot\spring-boot-starter-data-jpa\3.2.0\spring-boot-starter-data-jpa-3.2.0.jar;C:\Users\evaag\.m2\repository\org\springframework\boot\spring-boot-starter-aop\3.2.0\spring-boot-starter-aop-3.2.0.jar;C:\Users\evaag\.m2\repository\org\springframework\spring-aop\6.1.1\spring-aop-6.1.1.jar;C:\Users\evaag\.m2\repository\org\aspectj\aspectjweaver\1.9.20.1\aspectjweaver-1.9.20.1.jar;C:\Users\evaag\.m2\repository\org\springframework\boot\spring-boot-starter-jdbc\3.2.0\spring-boot-starter-jdbc-3.2.0.jar;C:\Users\evaag\.m2\repository\com\zaxxer\HikariCP\5.0.1\HikariCP-5.0.1.jar;C:\Users\evaag\.m2\repository\org\springframework\spring-jdbc\6.1.1\spring-jdbc-6.1.1.jar;C:\Users\evaag\.m2\repository\org\hibernate\orm\hibernate-core\6.3.1.Final\hibernate-core-6.3.1.Final.jar;C:\Users\evaag\.m2\repository\jakarta\persistence\jakarta.persistence-api\3.1.0\jakarta.persistence-api-3.1.0.jar;C:\Users\evaag\.m2\repository\jakarta\transaction\jakarta.transaction-api\2.0.1\jakarta.transaction-api-2.0.1.jar;C:\Users\evaag\.m2\repository\org\jboss\logging\jboss-logging\3.5.3.Final\jboss-logging-3.5.3.Final.jar;C:\Users\evaag\.m2\repository\org\hibernate\common\hibernate-commons-annotations\6.0.6.Final\hibernate-commons-annotations-6.0.6.Final.jar;C:\Users\evaag\.m2\repository\io\smallrye\jandex\3.1.2\jandex-3.1.2.jar;C:\Users\evaag\.m2\repository\com\fasterxml\classmate\1.6.0\classmate-1.6.0.jar;C:\Users\evaag\.m2\repository\net\bytebuddy\byte-buddy\1.14.10\byte-buddy-1.14.10.jar;C:\Users\evaag\.m2\repository\org\glassfish\jaxb\jaxb-runtime\4.0.4\jaxb-runtime-4.0.4.jar;C:\Users\evaag\.m2\repository\org\glassfish\jaxb\jaxb-core\4.0.4\jaxb-core-4.0.4.jar;C:\Users\evaag\.m2\repository\org\eclipse\angus\angus-activation\2.0.1\angus-activation-2.0.1.jar;C:\Users\evaag\.m2\repository\org\glassfish\jaxb\txw2\4.0.4\txw2-4.0.4.jar;C:\Users\evaag\.m2\repository\com\sun\istack\istack-commons-runtime\4.1.2\istack-commons-runtime-4.1.2.jar;C:\Users\evaag\.m2\repository\jakarta\inject\jakarta.inject-api\2.0.1\jakarta.inject-api-2.0.1.jar;C:\Users\evaag\.m2\repository\org\antlr\antlr4-runtime\4.10.1\antlr4-runtime-4.10.1.jar;C:\Users\evaag\.m2\repository\org\springframework\data\spring-data-jpa\3.2.0\spring-data-jpa-3.2.0.jar;C:\Users\evaag\.m2\repository\org\springframework\data\spring-data-commons\3.2.0\spring-data-commons-3.2.0.jar;C:\Users\evaag\.m2\repository\org\springframework\spring-orm\6.1.1\spring-orm-6.1.1.jar;C:\Users\evaag\.m2\repository\org\springframework\spring-context\6.1.1\spring-context-6.1.1.jar;C:\Users\evaag\.m2\repository\org\springframework\spring-tx\6.1.1\spring-tx-6.1.1.jar;C:\Users\evaag\.m2\repository\org\springframework\spring-beans\6.1.1\spring-beans-6.1.1.jar;C:\Users\evaag\.m2\repository\org\slf4j\slf4j-api\2.0.9\slf4j-api-2.0.9.jar;C:\Users\evaag\.m2\repository\org\springframework\spring-aspects\6.1.1\spring-aspects-6.1.1.jar;C:\Users\evaag\.m2\repository\org\springframework\boot\spring-boot-starter-web\3.2.0\spring-boot-starter-web-3.2.0.jar;C:\Users\evaag\.m2\repository\org\springframework\boot\spring-boot-starter\3.2.0\spring-boot-starter-3.2.0.jar;C:\Users\evaag\.m2\repository\org\springframework\boot\spring-boot-starter-logging\3.2.0\spring-boot-starter-logging-3.2.0.jar;C:\Users\evaag\.m2\repository\ch\qos\logback\logback-classic\1.4.11\logback-classic-1.4.11.jar;C:\Users\evaag\.m2\repository\ch\qos\logback\logback-core\1.4.11\logback-core-1.4.11.jar;C:\Users\evaag\.m2\repository\org\apache\logging\log4j\log4j-to-slf4j\2.21.1\log4j-to-slf4j-2.21.1.jar;C:\Users\evaag\.m2\repository\org\apache\logging\log4j\log4j-api\2.21.1\log4j-api-2.21.1.jar;C:\Users\evaag\.m2\repository\org\slf4j\jul-to-slf4j\2.0.9\jul-to-slf4j-2.0.9.jar;C:\Users\evaag\.m2\repository\org\yaml\snakeyaml\2.2\snakeyaml-2.2.jar;C:\Users\evaag\.m2\repository\org\springframework\boot\spring-boot-starter-json\3.2.0\spring-boot-starter-json-3.2.0.jar;C:\Users\evaag\.m2\repository\com\fasterxml\jackson\datatype\jackson-datatype-jdk8\2.15.3\jackson-datatype-jdk8-2.15.3.jar;C:\Users\e
[...]
	at org.springframework.beans.factory.support.AbstractAutowireCapableBeanFactory.createBeanInstance(AbstractAutowireCapableBeanFactory.java:1193) ~[spring-beans-6.1.1.jar:6.1.1]
	at org.springframework.beans.factory.support.AbstractAutowireCapableBeanFactory.doCreateBean(AbstractAutowireCapableBeanFactory.java:563) ~[spring-beans-6.1.1.jar:6.1.1]
	at org.springframework.beans.factory.support.AbstractAutowireCapableBeanFactory.createBean(AbstractAutowireCapableBeanFactory.java:523) ~[spring-beans-6.1.1.jar:6.1.1]
	at org.springframework.beans.factory.support.AbstractBeanFactory.lambda$doGetBean$0(AbstractBeanFactory.java:325) ~[spring-beans-6.1.1.jar:6.1.1]
	at org.springframework.beans.factory.support.DefaultSingletonBeanRegistry.getSingleton(DefaultSingletonBeanRegistry.java:234) ~[spring-beans-6.1.1.jar:6.1.1]
	at org.springframework.beans.factory.support.AbstractBeanFactory.doGetBean(AbstractBeanFactory.java:323) ~[spring-beans-6.1.1.jar:6.1.1]
	at org.springframework.beans.factory.support.AbstractBeanFactory.getBean(AbstractBeanFactory.java:199) ~[spring-beans-6.1.1.jar:6.1.1]
	at org.springframework.beans.factory.config.DependencyDescriptor.resolveCandidate(DependencyDescriptor.java:254) ~[spring-beans-6.1.1.jar:6.1.1]
	at org.springframework.beans.factory.support.DefaultListableBeanFactory.doResolveDependency(DefaultListableBeanFactory.java:1441) ~[spring-beans-6.1.1.jar:6.1.1]
	at org.springframework.beans.factory.support.DefaultListableBeanFactory.resolveDependency(DefaultListableBeanFactory.java:1348) ~[spring-beans-6.1.1.jar:6.1.1]
	at org.springframework.beans.factory.support.ConstructorResolver.resolveAutowiredArgument(ConstructorResolver.java:911) ~[spring-beans-6.1.1.jar:6.1.1]
	at org.springframework.beans.factory.support.ConstructorResolver.createArgumentArray(ConstructorResolver.java:789) ~[spring-beans-6.1.1.jar:6.1.1]
	at org.springframework.beans.factory.support.ConstructorResolver.autowireConstructor(ConstructorResolver.java:241) ~[spring-beans-6.1.1.jar:6.1.1]
	at org.springframework.beans.factory.support.AbstractAutowireCapableBeanFactory.autowireConstructor(AbstractAutowireCapableBeanFactory.java:1356) ~[spring-beans-6.1.1.jar:6.1.1]
	at org.springframework.beans.factory.support.AbstractAutowireCapableBeanFactory.createBeanInstance(AbstractAutowireCapableBeanFactory.java:1193) ~[spring-beans-6.1.1.jar:6.1.1]
	at org.springframework.beans.factory.support.AbstractAutowireCapableBeanFactory.doCreateBean(AbstractAutowireCapableBeanFactory.java:563) ~[spring-beans-6.1.1.jar:6.1.1]
	at org.springframework.beans.factory.support.AbstractAutowireCapableBeanFactory.createBean(AbstractAutowireCapableBeanFactory.java:523) ~[spring-beans-6.1.1.jar:6.1.1]
	at org.springframework.beans.factory.support.AbstractBeanFactory.lambda$doGetBean$0(AbstractBeanFactory.java:325) ~[spring-beans-6.1.1.jar:6.1.1]
	at org.springframework.beans.factory.support.DefaultSingletonBeanRegistry.getSingleton(DefaultSingletonBeanRegistry.java:234) ~[spring-beans-6.1.1.jar:6.1.1]
	at org.springframework.beans.factory.support.AbstractBeanFactory.doGetBean(AbstractBeanFactory.java:323) ~[spring-beans-6.1.1.jar:6.1.1]
	at org.springframework.beans.factory.support.AbstractBeanFactory.getBean(AbstractBeanFactory.java:199) ~[spring-beans-6.1.1.jar:6.1.1]
	at org.springframework.beans.factory.support.DefaultListableBeanFactory.preInstantiateSingletons(DefaultListableBeanFactory.java:973) ~[spring-beans-6.1.1.jar:6.1.1]
	at org.springframework.context.support.AbstractApplicationContext.finishBeanFactoryInitialization(AbstractApplicationContext.java:946) ~[spring-context-6.1.1.jar:6.1.1]
	at org.springframework.context.support.AbstractApplicationContext.refresh(AbstractApplicationContext.java:616) ~[spring-context-6.1.1.jar:6.1.1]
	at org.springframework.boot.SpringApplication.refresh(SpringApplication.java:753) ~[spring-boot-3.2.0.jar:3.2.0]
	at org.springframework.boot.SpringApplication.refreshContext(SpringApplication.java:455) ~[spring-boot-3.2.0.jar:3.2.0]
	at org.springframework.boot.SpringApplication.run(SpringApplication.java:323) ~[spring-boot-3.2.0.jar:3.2.0]
	at org.springframework.boot.test.context.SpringBootContextLoader.lambda$loadContext$3(SpringBootContextLoader.java:137) ~[spring-boot-test-3.2.0.jar:3.2.0]
	at org.springframework.util.function.ThrowingSupplier.get(ThrowingSupplier.java:58) ~[spring-core-6.1.1.jar:6.1.1]
	at org.springframework.util.function.ThrowingSupplier.get(ThrowingSupplier.java:46) ~[spring-core-6.1.1.jar:6.1.1]
	at org.springframework.boot.SpringApplication.withHook(SpringApplication.java:1442) ~[spring-boot-3.2.0.jar:3.2.0]
	at org.springframework.boot.test.context.SpringBootContextLoader$ContextLoaderHook.run(SpringBootContextLoader.java:552) ~[spring-boot-test-3.2.0.jar:3.2.0]
	at org.springframework.boot.test.context.SpringBootContextLoader.loadContext(SpringBootContextLoader.java:137) ~[spring-boot-test-3.2.0.jar:3.2.0]
	at org.springframework.boot.test.context.SpringBootContextLoader.loadContext(SpringBootContextLoader.java:108) ~[spring-boot-test-3.2.0.jar:3.2.0]
	at org.springframework.test.context.cache.DefaultCacheAwareContextLoaderDelegate.loadContextInternal(DefaultCacheAwareContextLoaderDelegate.java:225) ~[spring-test-6.1.1.jar:6.1.1]
	at org.springframework.test.context.cache.DefaultCacheAwareContextLoaderDelegate.loadContext(DefaultCacheAwareContextLoaderDelegate.java:152) ~[spring-test-6.1.1.jar:6.1.1]
	at org.springframework.test.context.support.DefaultTestContext.getApplicationContext(DefaultTestContext.java:130) ~[spring-test-6.1.1.jar:6.1.1]
	at org.springframework.test.context.web.ServletTestExecutionListener.setUpRequestContextIfNecessary(ServletTestExecutionListener.java:191) ~[spring-test-6.1.1.jar:6.1.1]
	at org.springframework.test.context.web.ServletTestExecutionListener.prepareTestInstance(ServletTestExecutionListener.java:130) ~[spring-test-6.1.1.jar:6.1.1]
	at org.springframework.test.context.TestContextManager.prepareTestInstance(TestContextManager.java:247) ~[spring-test-6.1.1.jar:6.1.1]
	at org.springframework.test.context.junit.jupiter.SpringExtension.postProcessTestInstance(SpringExtension.java:163) ~[spring-test-6.1.1.jar:6.1.1]
	at org.junit.jupiter.engine.descriptor.ClassBasedTestDescriptor.lambda$invokeTestInstancePostProcessors$10(ClassBasedTestDescriptor.java:378) ~[junit-jupiter-engine-5.10.1.jar:5.10.1]
	at org.junit.jupiter.engine.descriptor.ClassBasedTestDescriptor.executeAndMaskThrowable(ClassBasedTestDescriptor.java:383) ~[junit-jupiter-engine-5.10.1.jar:5.10.1]
	at org.junit.jupiter.engine.descriptor.ClassBasedTestDescriptor.lambda$invokeTestInstancePostProcessors$11(ClassBasedTestDescriptor.java:378) ~[junit-jupiter-engine-5.10.1.jar:5.10.1]
	at java.base/java.util.stream.ReferencePipeline$3$1.accept(ReferencePipeline.java:197) ~[na:na]
	at java.base/java.util.stream.ReferencePipeline$2$1.accept(ReferencePipeline.java:179) ~[na:na]
	at java.base/java.util.ArrayList$ArrayListSpliterator.forEachRemaining(ArrayList.java:1625) ~[na:na]
	at java.base/java.util.stream.AbstractPipeline.copyInto(AbstractPipeline.java:509) ~[na:na]
	at java.base/java.util.stream.AbstractPipeline.wrapAndCopyInto(AbstractPipeline.java:499) ~[na:na]
	at java.base/java.util.stream.StreamSpliterators$WrappingSpliterator.forEachRemaining(StreamSpliterators.java:310) ~[na:na]
	at java.base/java.util.stream.Streams$ConcatSpliterator.forEachRemaining(Streams.java:735) ~[na:na]
	at java.base/java.util.stream.Streams$ConcatSpliterator.forEachRemaining(Streams.java:734) ~[na:na]
	at java.base/java.util.stream.ReferencePipeline$Head.forEach(ReferencePipeline.java:762) ~[na:na]
	at org.junit.jupiter.engine.descriptor.ClassBasedTestDescriptor.invokeTestInstancePostProcessors(ClassBasedTestDescriptor.java:377) ~[junit-jupiter-engine-5.10.1.jar:5.10.1]
	at org.junit.jupiter.engine.descriptor.ClassBasedTestDescriptor.lambda$instantiateAndPostProcessTestInstance$6(ClassBasedTestDescriptor.java:290) ~[junit-jupiter-engine-5.10.1.jar:5.10.1]
	at org.junit.platform.engine.support.hierarchical.ThrowableCollector.execute(ThrowableCollector.java:73) ~[junit-platform-engine-1.10.1.jar:1.10.1]
	at org.junit.jupiter.engine.descriptor.ClassBasedTestDescriptor.instantiateAndPostProcessTestInstance(ClassBasedTestDescriptor.java:289) ~[junit-jupiter-engine-5.10.1.jar:5.10.1]
	at org.junit.jupiter.engine.descriptor.ClassBasedTestDescriptor.lambda$testInstancesProvider$4(ClassBasedTestDescriptor.java:279) ~[junit-jupiter-engine-5.10.1.jar:5.10.1]
	at java.base/java.util.Optional.orElseGet(Optional.java:364) ~[na:na]
	at org.junit.jupiter.engine.descriptor.ClassBasedTestDescriptor.lambda$testInstancesProvider$5(ClassBasedTestDescriptor.java:278) ~[junit-jupiter-engine-5.10.1.jar:5.10.1]
	at org.junit.jupiter.engine.execution.TestInstancesProvider.getTestInstances(TestInstancesProvider.java:31) ~[junit-jupiter-engine-5.10.1.jar:5.10.1]
	at org.junit.jupiter.engine.descriptor.TestMethodTestDescriptor.lambda$prepare$0(TestMethodTestDescriptor.java:106) ~[junit-jupiter-engine-5.10.1.jar:5.10.1]
	at org.junit.platform.engine.support.hierarchical.ThrowableCollector.execute(ThrowableCollector.java:73) ~[junit-platform-engine-1.10.1.jar:1.10.1]
	at org.junit.jupiter.engine.descriptor.TestMethodTestDescriptor.prepare(TestMethodTestDescriptor.java:105) ~[junit-jupiter-engine-5.10.1.jar:5.10.1]
	at org.junit.jupiter.engine.descriptor.TestMethodTestDescriptor.prepare(TestMethodTestDescriptor.java:69) ~[junit-jupiter-engine-5.10.1.jar:5.10.1]
	at org.junit.platform.engine.support.hierarchical.NodeTestTask.lambda$prepare$2(NodeTestTask.java:123) ~[junit-platform-engine-1.10.1.jar:1.10.1]
	at org.junit.platform.engine.support.hierarchical.ThrowableCollector.execute(ThrowableCollector.java:73) ~[junit-platform-engine-1.10.1.jar:1.10.1]
	at org.junit.platform.engine.support.hierarchical.NodeTestTask.prepare(NodeTestTask.java:123) ~[junit-platform-engine-1.10.1.jar:1.10.1]
	at org.junit.platform.engine.support.hierarchical.NodeTestTask.execute(NodeTestTask.java:90) ~[junit-platform-engine-1.10.1.jar:1.10.1]
	at java.base/java.util.ArrayList.forEach(ArrayList.java:1511) ~[na:na]
	at org.junit.platform.engine.support.hierarchical.SameThreadHierarchicalTestExecutorService.invokeAll(SameThreadHierarchicalTestExecutorService.java:41) ~[junit-platform-engine-1.10.1.jar:1.10.1]
	at org.junit.platform.engine.support.hierarchical.NodeTestTask.lambda$executeRecursively$6(NodeTestTask.java:155) ~[junit-platform-engine-1.10.1.jar:1.10.1]
	at org.junit.platform.engine.support.hierarchical.ThrowableCollector.execute(ThrowableCollector.java:73) ~[junit-platform-engine-1.10.1.jar:1.10.1]
	at org.junit.platform.engine.support.hierarchical.NodeTestTask.lambda$executeRecursively$8(NodeTestTask.java:141) ~[junit-platform-engine-1.10.1.jar:1.10.1]
	at org.junit.platform.engine.support.hierarchical.Node.around(Node.java:137) ~[junit-platform-engine-1.10.1.jar:1.10.1]
	at org.junit.platform.engine.support.hierarchical.NodeTestTask.lambda$executeRecursively$9(NodeTestTask.java:139) ~[junit-platform-engine-1.10.1.jar:1.10.1]
	at org.junit.platform.engine.support.hierarchical.ThrowableCollector.execute(ThrowableCollector.java:73) ~[junit-platform-engine-1.10.1.jar:1.10.1]
	at org.junit.platform.engine.support.hierarchical.NodeTestTask.executeRecursively(NodeTestTask.java:138) ~[junit-platform-engine-1.10.1.jar:1.10.1]
	at org.junit.platform.engine.support.hierarchical.NodeTestTask.execute(NodeTestTask.java:95) ~[junit-platform-engine-1.10.1.jar:1.10.1]
	at java.base/java.util.ArrayList.forEach(ArrayList.java:1511) ~[na:na]
	at org.junit.platform.engine.support.hierarchical.SameThreadHierarchicalTestExecutorService.invokeAll(SameThreadHierarchicalTestExecutorService.java:41) ~[junit-platform-engine-1.10.1.jar:1.10.1]
	at org.junit.platform.engine.support.hierarchical.NodeTestTask.lambda$executeRecursively$6(NodeTestTask.java:155) ~[junit-platform-engine-1.10.1.jar:1.10.1]
	at org.junit.platform.engine.support.hierarchical.ThrowableCollector.execute(ThrowableCollector.java:73) ~[junit-platform-engine-1.10.1.jar:1.10.1]
	at org.junit.platform.engine.support.hierarchical.NodeTestTask.lambda$executeRecursively$8(NodeTestTask.java:141) ~[junit-platform-engine-1.10.1.jar:1.10.1]
	at org.junit.platform.engine.support.hierarchical.Node.around(Node.java:137) ~[junit-platform-engine-1.10.1.jar:1.10.1]
	at org.junit.platform.engine.support.hierarchical.NodeTestTask.lambda$executeRecursively$9(NodeTestTask.java:139) ~[junit-platform-engine-1.10.1.jar:1.10.1]
	at org.junit.platform.engine.support.hierarchical.ThrowableCollector.execute(ThrowableCollector.java:73) ~[junit-platform-engine-1.10.1.jar:1.10.1]
	at org.junit.platform.engine.support.hierarchical.NodeTestTask.executeRecursively(NodeTestTask.java:138) ~[junit-platform-engine-1.10.1.jar:1.10.1]
	at org.junit.platform.engine.support.hierarchical.NodeTestTask.execute(NodeTestTask.java:95) ~[junit-platform-engine-1.10.1.jar:1.10.1]
	at org.junit.platform.engine.support.hierarchical.SameThreadHierarchicalTestExecutorService.submit(SameThreadHierarchicalTestExecutorService.java:35) ~[junit-platform-engine-1.10.1.jar:1.10.1]
	at org.junit.platform.engine.support.hierarchical.HierarchicalTestExecutor.execute(HierarchicalTestExecutor.java:57) ~[junit-platform-engine-1.10.1.jar:1.10.1]
	at org.junit.platform.engine.support.hierarchical.HierarchicalTestEngine.execute(HierarchicalTestEngine.java:54) ~[junit-platform-engine-1.10.1.jar:1.10.1]
	at org.junit.platform.launcher.core.EngineExecutionOrchestrator.execute(EngineExecutionOrchestrator.java:198) ~[junit-platform-launcher-1.10.1.jar:1.10.1]
	at org.junit.platform.launcher.core.EngineExecutionOrchestrator.execute(EngineExecutionOrchestrator.java:169) ~[junit-platform-launcher-1.10.1.jar:1.10.1]
	at org.junit.platform.launcher.core.EngineExecutionOrchestrator.execute(EngineExecutionOrchestrator.java:93) ~[junit-platform-launcher-1.10.1.jar:1.10.1]
	at org.junit.platform.launcher.core.EngineExecutionOrchestrator.lambda$execute$0(EngineExecutionOrchestrator.java:58) ~[junit-platform-launcher-1.10.1.jar:1.10.1]
	at org.junit.platform.launcher.core.EngineExecutionOrchestrator.withInterceptedStreams(EngineExecutionOrchestrator.java:141) ~[junit-platform-launcher-1.10.1.jar:1.10.1]
	at org.junit.platform.launcher.core.EngineExecutionOrchestrator.execute(EngineExecutionOrchestrator.java:57) ~[junit-platform-launcher-1.10.1.jar:1.10.1]
	at org.junit.platform.launcher.core.DefaultLauncher.execute(DefaultLauncher.java:103) ~[junit-platform-launcher-1.10.1.jar:1.10.1]
	at org.junit.platform.launcher.core.DefaultLauncher.execute(DefaultLauncher.java:85) ~[junit-platform-launcher-1.10.1.jar:1.10.1]
	at org.junit.platform.launcher.core.DelegatingLauncher.execute(DelegatingLauncher.java:47) ~[junit-platform-launcher-1.10.1.jar:1.10.1]
	at org.apache.maven.surefire.junitplatform.LazyLauncher.execute(LazyLauncher.java:56) ~[surefire-junit-platform-3.1.2.jar:3.1.2]
	at org.apache.maven.surefire.junitplatform.JUnitPlatformProvider.execute(JUnitPlatformProvider.java:184) ~[surefire-junit-platform-3.1.2.jar:3.1.2]
	at org.apache.maven.surefire.junitplatform.JUnitPlatformProvider.invokeAllTests(JUnitPlatformProvider.java:148) ~[surefire-junit-platform-3.1.2.jar:3.1.2]
	at org.apache.maven.surefire.junitplatform.JUnitPlatformProvider.invoke(JUnitPlatformProvider.java:122) ~[surefire-junit-platform-3.1.2.jar:3.1.2]
	at org.apache.maven.surefire.booter.ForkedBooter.runSuitesInProcess(ForkedBooter.java:385) ~[surefire-booter-3.1.2.jar:3.1.2]
	at org.apache.maven.surefire.booter.ForkedBooter.execute(ForkedBooter.java:162) ~[surefire-booter-3.1.2.jar:3.1.2]
	at org.apache.maven.surefire.booter.ForkedBooter.run(ForkedBooter.java:507) ~[surefire-booter-3.1.2.jar:3.1.2]
	at org.apache.maven.surefire.booter.ForkedBooter.main(ForkedBooter.java:495) ~[surefire-booter-3.1.2.jar:3.1.2]

2025-01-15T20:28:19.123-03:00 DEBUG 10448 --- [           main] .h.v.m.ResourceBundleMessageInterpolator : Loaded expression factory via original TCCL
2025-01-15T20:28:19.138-03:00 DEBUG 10448 --- [           main] o.h.v.i.e.AbstractConfigurationImpl      : Setting custom MessageInterpolator of type org.springframework.validation.beanvalidation.LocaleContextMessageInterpolator
2025-01-15T20:28:19.139-03:00 DEBUG 10448 --- [           main] o.h.v.i.e.AbstractConfigurationImpl      : Setting custom ConstraintValidatorFactory of type org.springframework.validation.beanvalidation.SpringConstraintValidatorFactory
2025-01-15T20:28:19.141-03:00 DEBUG 10448 --- [           main] o.h.v.i.xml.config.ValidationXmlParser   : Trying to load META-INF/validation.xml for XML based Validator configuration.
2025-01-15T20:28:19.141-03:00 DEBUG 10448 --- [           main] o.h.v.i.xml.config.ResourceLoaderHelper  : Trying to load META-INF/validation.xml via user class loader
2025-01-15T20:28:19.142-03:00 DEBUG 10448 --- [           main] o.h.v.i.xml.config.ResourceLoaderHelper  : Trying to load META-INF/validation.xml via TCCL
2025-01-15T20:28:19.142-03:00 DEBUG 10448 --- [           main] o.h.v.i.xml.config.ResourceLoaderHelper  : Trying to load META-INF/validation.xml via Hibernate Validator's class loader
2025-01-15T20:28:19.142-03:00 DEBUG 10448 --- [           main] o.h.v.i.xml.config.ValidationXmlParser   : No META-INF/validation.xml found. Using annotation based configuration only.
2025-01-15T20:28:19.142-03:00 DEBUG 10448 --- [           main] o.h.v.i.e.resolver.TraversableResolvers  : Found jakarta.persistence.Persistence on classpath containing 'getPersistenceUtil'. Assuming JPA 2 environment. Trying to instantiate JPA aware TraversableResolver
2025-01-15T20:28:19.142-03:00 DEBUG 10448 --- [           main] o.h.v.i.e.resolver.TraversableResolvers  : Instantiated JPA aware TraversableResolver of type org.hibernate.validator.internal.engine.resolver.JPATraversableResolver.
2025-01-15T20:28:19.144-03:00 DEBUG 10448 --- [           main] .i.e.ValidatorFactoryConfigurationHelper : HV000252: Using org.hibernate.validator.internal.engine.DefaultPropertyNodeNameProvider as property node name provider.
2025-01-15T20:28:19.145-03:00 DEBUG 10448 --- [           main] .i.e.ValidatorFactoryConfigurationHelper : HV000234: Using org.springframework.validation.beanvalidation.LocaleContextMessageInterpolator as ValidatorFactory-scoped message interpolator.
2025-01-15T20:28:19.145-03:00 DEBUG 10448 --- [           main] .i.e.ValidatorFactoryConfigurationHelper : HV000234: Using org.hibernate.validator.internal.engine.resolver.JPATraversableResolver as ValidatorFactory-scoped traversable resolver.
2025-01-15T20:28:19.145-03:00 DEBUG 10448 --- [           main] .i.e.ValidatorFactoryConfigurationHelper : HV000234: Using org.hibernate.validator.internal.util.ExecutableParameterNameProvider as ValidatorFactory-scoped parameter name provider.
2025-01-15T20:28:19.145-03:00 DEBUG 10448 --- [           main] .i.e.ValidatorFactoryConfigurationHelper : HV000234: Using org.hibernate.validator.internal.engine.DefaultClockProvider as ValidatorFactory-scoped clock provider.
2025-01-15T20:28:19.145-03:00 DEBUG 10448 --- [           main] .i.e.ValidatorFactoryConfigurationHelper : HV000234: Using org.hibernate.validator.internal.engine.scripting.DefaultScriptEvaluatorFactory as ValidatorFactory-scoped script evaluator factory.
2025-01-15T20:28:19.185-03:00  WARN 10448 --- [           main] JpaBaseConfiguration$JpaWebConfiguration : spring.jpa.open-in-view is enabled by default. Therefore, database queries may be performed during view rendering. Explicitly configure spring.jpa.open-in-view to disable this warning
2025-01-15T20:28:20.476-03:00  INFO 10448 --- [           main] c.d.a.AuthenticationApplicationTests     : Started AuthenticationApplicationTests in 9.113 seconds (process running for 10.801)
]]></system-out>
  </testcase>
</testsuite>